2022-11-04 21:33:09.969 [info] Extension host with pid 2407 started
2022-11-04 21:33:09.994 [info] ExtensionService#_doActivateExtension vscode.git-base, startup: true, activationEvent: '*', root cause: vscode.git
2022-11-04 21:33:09.997 [info] Lock '/home/jxyh/.vscode-server/data/User/workspaceStorage/38fb73aaddb5300dce8cbb239d0b8dd0/vscode.lock': Lock acquired.
2022-11-04 21:33:10.050 [info] ExtensionService#_doActivateExtension vscode.git, startup: true, activationEvent: '*'
2022-11-04 21:33:10.050 [info] ExtensionService#_doActivateExtension vscode.github, startup: true, activationEvent: '*'
2022-11-04 21:33:10.211 [info] ExtensionService#_doActivateExtension vscode.debug-auto-launch, startup: false, activationEvent: 'onStartupFinished'
2022-11-04 21:33:10.212 [info] ExtensionService#_doActivateExtension vscode.emmet, startup: false, activationEvent: 'onStartupFinished'
2022-11-04 21:33:10.212 [info] ExtensionService#_doActivateExtension vscode.merge-conflict, startup: false, activationEvent: 'onStartupFinished'
2022-11-04 21:33:10.212 [info] ExtensionService#_doActivateExtension formulahendry.code-runner, startup: false, activationEvent: 'onStartupFinished'
2022-11-04 21:33:10.212 [info] Eager extensions activated
2022-11-04 21:33:10.345 [warning] [Decorations] CAPPING events from decorations provider vscode.git 2047
2022-11-04 21:33:10.541 [warning] [Decorations] CAPPING events from decorations provider vscode.git 2047
2022-11-04 21:33:12.442 [warning] [Decorations] CAPPING events from decorations provider vscode.git 2048
2022-11-04 21:33:16.969 [info] ExtensionService#_doActivateExtension vscode.extension-editing, startup: false, activationEvent: 'onLanguage:markdown'
2022-11-04 21:33:16.970 [info] ExtensionService#_doActivateExtension vscode.markdown-language-features, startup: false, activationEvent: 'onLanguage:markdown'
2022-11-04 21:33:17.385 [info] ExtensionService#_doActivateExtension vscode.markdown-math, startup: false, activationEvent: 'api', root cause: vscode.markdown-language-features
2022-11-04 21:33:17.478 [warning] [Decorations] CAPPING events from decorations provider vscode.git 2049
2022-11-04 21:33:22.527 [warning] [Decorations] CAPPING events from decorations provider vscode.git 2049
2022-11-04 21:33:27.567 [warning] [Decorations] CAPPING events from decorations provider vscode.git 2049
2022-11-04 21:33:49.382 [warning] [Decorations] CAPPING events from decorations provider vscode.git 2049
2022-11-04 21:33:57.529 [warning] [Decorations] CAPPING events from decorations provider vscode.git 2049
2022-11-04 21:35:27.968 [warning] [Decorations] CAPPING events from decorations provider vscode.git 2049
2022-11-04 21:35:33.011 [warning] [Decorations] CAPPING events from decorations provider vscode.git 2049
2022-11-04 21:35:38.353 [warning] [Decorations] CAPPING events from decorations provider vscode.git 2049
2022-11-04 21:35:43.425 [warning] [Decorations] CAPPING events from decorations provider vscode.git 2049
2022-11-04 21:35:45.306 [info] ExtensionService#_doActivateExtension vscode.typescript-language-features, startup: false, activationEvent: 'onLanguage:typescript'
2022-11-04 21:35:48.482 [warning] [Decorations] CAPPING events from decorations provider vscode.git 2050
2022-11-04 21:35:53.534 [warning] [Decorations] CAPPING events from decorations provider vscode.git 2050
2022-11-04 21:35:58.581 [warning] [Decorations] CAPPING events from decorations provider vscode.git 2050
2022-11-04 21:36:03.623 [warning] [Decorations] CAPPING events from decorations provider vscode.git 2050
2022-11-04 21:36:08.668 [warning] [Decorations] CAPPING events from decorations provider vscode.git 2050
2022-11-04 21:36:13.716 [warning] [Decorations] CAPPING events from decorations provider vscode.git 2050
2022-11-04 21:36:18.758 [warning] [Decorations] CAPPING events from decorations provider vscode.git 2050
2022-11-04 21:36:23.796 [warning] [Decorations] CAPPING events from decorations provider vscode.git 2050
2022-11-04 21:36:28.833 [warning] [Decorations] CAPPING events from decorations provider vscode.git 2050
2022-11-04 21:36:33.871 [warning] [Decorations] CAPPING events from decorations provider vscode.git 2050
2022-11-04 21:36:38.925 [warning] [Decorations] CAPPING events from decorations provider vscode.git 2050
2022-11-04 21:36:52.065 [warning] [Decorations] CAPPING events from decorations provider vscode.git 2050
2022-11-04 21:36:57.103 [warning] [Decorations] CAPPING events from decorations provider vscode.git 2050
2022-11-04 21:38:05.699 [warning] [Decorations] CAPPING events from decorations provider vscode.git 2050
2022-11-04 21:38:10.753 [warning] [Decorations] CAPPING events from decorations provider vscode.git 2050
2022-11-04 21:38:15.788 [warning] [Decorations] CAPPING events from decorations provider vscode.git 2050
2022-11-04 21:38:22.502 [warning] [Decorations] CAPPING events from decorations provider vscode.git 2050
2022-11-04 21:38:27.545 [warning] [Decorations] CAPPING events from decorations provider vscode.git 2050
2022-11-04 21:38:59.334 [warning] [Decorations] CAPPING events from decorations provider vscode.git 2050
2022-11-04 21:39:04.390 [warning] [Decorations] CAPPING events from decorations provider vscode.git 2050
2022-11-04 21:39:09.442 [warning] [Decorations] CAPPING events from decorations provider vscode.git 2050
2022-11-04 21:39:14.484 [warning] [Decorations] CAPPING events from decorations provider vscode.git 2050
2022-11-04 21:39:19.530 [warning] [Decorations] CAPPING events from decorations provider vscode.git 2050
2022-11-04 21:39:41.244 [warning] [Decorations] CAPPING events from decorations provider vscode.git 2050
2022-11-04 21:39:47.399 [warning] [Decorations] CAPPING events from decorations provider vscode.git 2050
2022-11-04 21:39:52.435 [warning] [Decorations] CAPPING events from decorations provider vscode.git 2050
2022-11-04 21:42:20.389 [warning] [Decorations] CAPPING events from decorations provider vscode.git 2050
2022-11-04 21:42:25.439 [warning] [Decorations] CAPPING events from decorations provider vscode.git 2050
2022-11-04 21:42:30.475 [warning] [Decorations] CAPPING events from decorations provider vscode.git 2050
2022-11-04 21:42:35.526 [warning] [Decorations] CAPPING events from decorations provider vscode.git 2050
2022-11-04 21:42:40.576 [warning] [Decorations] CAPPING events from decorations provider vscode.git 2050
2022-11-04 21:42:48.989 [warning] [Decorations] CAPPING events from decorations provider vscode.git 2050
2022-11-04 21:42:54.037 [warning] [Decorations] CAPPING events from decorations provider vscode.git 2050
2022-11-04 21:42:59.084 [warning] [Decorations] CAPPING events from decorations provider vscode.git 2050
2022-11-04 21:43:04.137 [warning] [Decorations] CAPPING events from decorations provider vscode.git 2050
2022-11-04 21:43:09.191 [warning] [Decorations] CAPPING events from decorations provider vscode.git 2050
2022-11-04 21:43:14.246 [warning] [Decorations] CAPPING events from decorations provider vscode.git 2050
2022-11-04 21:43:19.327 [warning] [Decorations] CAPPING events from decorations provider vscode.git 2050
2022-11-04 21:43:24.374 [warning] [Decorations] CAPPING events from decorations provider vscode.git 2050
2022-11-04 21:43:29.453 [warning] [Decorations] CAPPING events from decorations provider vscode.git 2050
2022-11-04 21:43:34.511 [warning] [Decorations] CAPPING events from decorations provider vscode.git 2050
2022-11-04 21:43:39.577 [warning] [Decorations] CAPPING events from decorations provider vscode.git 2050
2022-11-04 21:43:44.632 [warning] [Decorations] CAPPING events from decorations provider vscode.git 2050
2022-11-04 21:43:49.664 [warning] [Decorations] CAPPING events from decorations provider vscode.git 2050
2022-11-04 21:43:54.700 [warning] [Decorations] CAPPING events from decorations provider vscode.git 2050
2022-11-04 21:44:00.203 [warning] [Decorations] CAPPING events from decorations provider vscode.git 2050
2022-11-04 21:44:05.275 [warning] [Decorations] CAPPING events from decorations provider vscode.git 2050
2022-11-04 21:44:10.319 [warning] [Decorations] CAPPING events from decorations provider vscode.git 2050
2022-11-04 21:44:15.371 [warning] [Decorations] CAPPING events from decorations provider vscode.git 2050
2022-11-04 21:44:20.438 [warning] [Decorations] CAPPING events from decorations provider vscode.git 2050
2022-11-04 21:44:25.482 [warning] [Decorations] CAPPING events from decorations provider vscode.git 2050
2022-11-04 21:44:30.531 [warning] [Decorations] CAPPING events from decorations provider vscode.git 2050
2022-11-04 21:44:35.598 [warning] [Decorations] CAPPING events from decorations provider vscode.git 2050
2022-11-04 21:44:40.647 [warning] [Decorations] CAPPING events from decorations provider vscode.git 2050
2022-11-04 21:44:45.695 [warning] [Decorations] CAPPING events from decorations provider vscode.git 2050
2022-11-04 21:44:50.740 [warning] [Decorations] CAPPING events from decorations provider vscode.git 2050
2022-11-04 21:44:55.792 [warning] [Decorations] CAPPING events from decorations provider vscode.git 2050
2022-11-04 21:45:00.839 [warning] [Decorations] CAPPING events from decorations provider vscode.git 2050
2022-11-04 21:45:05.891 [warning] [Decorations] CAPPING events from decorations provider vscode.git 2050
2022-11-04 21:45:10.947 [warning] [Decorations] CAPPING events from decorations provider vscode.git 2050
2022-11-04 21:45:15.996 [warning] [Decorations] CAPPING events from decorations provider vscode.git 2050
2022-11-04 21:45:21.059 [warning] [Decorations] CAPPING events from decorations provider vscode.git 2050
2022-11-04 21:45:26.127 [warning] [Decorations] CAPPING events from decorations provider vscode.git 2050
2022-11-04 21:45:31.176 [warning] [Decorations] CAPPING events from decorations provider vscode.git 2050
2022-11-04 21:45:36.241 [warning] [Decorations] CAPPING events from decorations provider vscode.git 2050
2022-11-04 21:45:41.298 [warning] [Decorations] CAPPING events from decorations provider vscode.git 2050
2022-11-04 21:46:27.599 [warning] [Decorations] CAPPING events from decorations provider vscode.git 2050
2022-11-04 21:46:32.640 [warning] [Decorations] CAPPING events from decorations provider vscode.git 2050
2022-11-04 21:46:37.690 [warning] [Decorations] CAPPING events from decorations provider vscode.git 2050
2022-11-04 21:46:51.776 [warning] [Decorations] CAPPING events from decorations provider vscode.git 2050
2022-11-04 21:46:56.828 [warning] [Decorations] CAPPING events from decorations provider vscode.git 2050
2022-11-04 21:47:01.869 [warning] [Decorations] CAPPING events from decorations provider vscode.git 2050
2022-11-04 21:47:06.903 [warning] [Decorations] CAPPING events from decorations provider vscode.git 2050
2022-11-04 21:47:32.698 [warning] [Decorations] CAPPING events from decorations provider vscode.git 2050
2022-11-04 21:47:37.735 [warning] [Decorations] CAPPING events from decorations provider vscode.git 2050
2022-11-04 21:47:42.772 [warning] [Decorations] CAPPING events from decorations provider vscode.git 2050
2022-11-04 21:47:47.815 [warning] [Decorations] CAPPING events from decorations provider vscode.git 2050
2022-11-04 21:47:52.852 [warning] [Decorations] CAPPING events from decorations provider vscode.git 2050
2022-11-04 21:48:10.521 [warning] [Decorations] CAPPING events from decorations provider vscode.git 2050
2022-11-04 21:48:15.572 [warning] [Decorations] CAPPING events from decorations provider vscode.git 2050
2022-11-04 21:49:11.115 [warning] [Decorations] CAPPING events from decorations provider vscode.git 2050
2022-11-04 21:49:16.158 [warning] [Decorations] CAPPING events from decorations provider vscode.git 2050
2022-11-04 21:49:21.194 [warning] [Decorations] CAPPING events from decorations provider vscode.git 2050
2022-11-04 21:49:26.253 [warning] [Decorations] CAPPING events from decorations provider vscode.git 2050
2022-11-04 21:49:31.318 [warning] [Decorations] CAPPING events from decorations provider vscode.git 2050
2022-11-04 21:49:36.363 [warning] [Decorations] CAPPING events from decorations provider vscode.git 2050
2022-11-04 21:49:41.411 [warning] [Decorations] CAPPING events from decorations provider vscode.git 2050
2022-11-04 21:49:46.460 [warning] [Decorations] CAPPING events from decorations provider vscode.git 2050
2022-11-04 21:49:51.504 [warning] [Decorations] CAPPING events from decorations provider vscode.git 2050
2022-11-04 21:49:56.552 [warning] [Decorations] CAPPING events from decorations provider vscode.git 2050
2022-11-04 21:50:01.587 [warning] [Decorations] CAPPING events from decorations provider vscode.git 2051
2022-11-04 21:50:07.348 [warning] [Decorations] CAPPING events from decorations provider vscode.git 2051
2022-11-04 21:51:01.522 [warning] [Decorations] CAPPING events from decorations provider vscode.git 2051
2022-11-04 21:51:06.556 [warning] [Decorations] CAPPING events from decorations provider vscode.git 2051
2022-11-04 21:51:11.595 [warning] [Decorations] CAPPING events from decorations provider vscode.git 2051
2022-11-04 21:51:16.643 [warning] [Decorations] CAPPING events from decorations provider vscode.git 2051
2022-11-04 21:51:24.878 [warning] [Decorations] CAPPING events from decorations provider vscode.git 2051
2022-11-04 21:51:29.929 [warning] [Decorations] CAPPING events from decorations provider vscode.git 2051
2022-11-04 21:51:34.982 [warning] [Decorations] CAPPING events from decorations provider vscode.git 2051
2022-11-04 21:51:40.019 [warning] [Decorations] CAPPING events from decorations provider vscode.git 2051
2022-11-04 21:52:54.625 [warning] [Decorations] CAPPING events from decorations provider vscode.git 2051
2022-11-04 21:52:59.693 [warning] [Decorations] CAPPING events from decorations provider vscode.git 2051
2022-11-04 21:53:04.737 [warning] [Decorations] CAPPING events from decorations provider vscode.git 2051
2022-11-04 21:53:09.785 [warning] [Decorations] CAPPING events from decorations provider vscode.git 2051
2022-11-04 21:53:24.915 [warning] [Decorations] CAPPING events from decorations provider vscode.git 2051
2022-11-04 21:53:29.973 [warning] [Decorations] CAPPING events from decorations provider vscode.git 2051
2022-11-04 21:53:35.017 [warning] [Decorations] CAPPING events from decorations provider vscode.git 2051
2022-11-04 21:53:46.471 [warning] [Decorations] CAPPING events from decorations provider vscode.git 2051
2022-11-04 21:53:51.850 [warning] [Decorations] CAPPING events from decorations provider vscode.git 2051
2022-11-04 21:53:58.446 [warning] [Decorations] CAPPING events from decorations provider vscode.git 2051
2022-11-04 21:54:03.489 [warning] [Decorations] CAPPING events from decorations provider vscode.git 2051
2022-11-04 21:54:08.557 [warning] [Decorations] CAPPING events from decorations provider vscode.git 2051
2022-11-04 21:54:13.630 [warning] [Decorations] CAPPING events from decorations provider vscode.git 2051
2022-11-04 21:54:18.680 [warning] [Decorations] CAPPING events from decorations provider vscode.git 2051
2022-11-04 21:56:21.478 [warning] [Decorations] CAPPING events from decorations provider vscode.git 2051
2022-11-04 21:56:26.514 [warning] [Decorations] CAPPING events from decorations provider vscode.git 2051
2022-11-04 21:56:31.558 [warning] [Decorations] CAPPING events from decorations provider vscode.git 2051
2022-11-04 21:56:36.600 [warning] [Decorations] CAPPING events from decorations provider vscode.git 2051
2022-11-04 21:57:03.829 [warning] [Decorations] CAPPING events from decorations provider vscode.git 2051
2022-11-04 21:57:25.207 [warning] [Decorations] CAPPING events from decorations provider vscode.git 2051
2022-11-04 21:57:54.395 [warning] [Decorations] CAPPING events from decorations provider vscode.git 2051
2022-11-04 21:57:59.429 [warning] [Decorations] CAPPING events from decorations provider vscode.git 2051
2022-11-04 21:58:04.461 [warning] [Decorations] CAPPING events from decorations provider vscode.git 2051
2022-11-04 21:58:09.505 [warning] [Decorations] CAPPING events from decorations provider vscode.git 2051
2022-11-04 21:58:14.584 [warning] [Decorations] CAPPING events from decorations provider vscode.git 2051
2022-11-04 21:58:19.636 [warning] [Decorations] CAPPING events from decorations provider vscode.git 2051
2022-11-04 21:58:24.901 [warning] [Decorations] CAPPING events from decorations provider vscode.git 2052
2022-11-04 21:58:29.945 [warning] [Decorations] CAPPING events from decorations provider vscode.git 2052
2022-11-04 21:58:34.989 [warning] [Decorations] CAPPING events from decorations provider vscode.git 2052
2022-11-04 21:58:40.031 [warning] [Decorations] CAPPING events from decorations provider vscode.git 2052
2022-11-04 21:58:45.076 [warning] [Decorations] CAPPING events from decorations provider vscode.git 2052
2022-11-04 21:58:50.126 [warning] [Decorations] CAPPING events from decorations provider vscode.git 2052
2022-11-04 21:58:55.160 [warning] [Decorations] CAPPING events from decorations provider vscode.git 2052
2022-11-04 21:59:00.228 [warning] [Decorations] CAPPING events from decorations provider vscode.git 2052
2022-11-04 21:59:05.288 [warning] [Decorations] CAPPING events from decorations provider vscode.git 2052
2022-11-04 21:59:10.347 [warning] [Decorations] CAPPING events from decorations provider vscode.git 2052
2022-11-04 21:59:15.408 [warning] [Decorations] CAPPING events from decorations provider vscode.git 2052
2022-11-04 21:59:20.463 [warning] [Decorations] CAPPING events from decorations provider vscode.git 2052
2022-11-04 21:59:25.527 [warning] [Decorations] CAPPING events from decorations provider vscode.git 2052
2022-11-04 21:59:30.577 [warning] [Decorations] CAPPING events from decorations provider vscode.git 2052
2022-11-04 21:59:35.624 [warning] [Decorations] CAPPING events from decorations provider vscode.git 2052
2022-11-04 21:59:40.670 [warning] [Decorations] CAPPING events from decorations provider vscode.git 2052
2022-11-04 21:59:45.726 [warning] [Decorations] CAPPING events from decorations provider vscode.git 2052
2022-11-04 21:59:50.781 [warning] [Decorations] CAPPING events from decorations provider vscode.git 2052
2022-11-04 21:59:55.828 [warning] [Decorations] CAPPING events from decorations provider vscode.git 2053
2022-11-04 22:00:00.894 [warning] [Decorations] CAPPING events from decorations provider vscode.git 2053
2022-11-04 22:00:05.944 [warning] [Decorations] CAPPING events from decorations provider vscode.git 2053
2022-11-04 22:00:11.005 [warning] [Decorations] CAPPING events from decorations provider vscode.git 2053
2022-11-04 22:00:16.065 [warning] [Decorations] CAPPING events from decorations provider vscode.git 2053
2022-11-04 22:00:21.114 [warning] [Decorations] CAPPING events from decorations provider vscode.git 2053
2022-11-04 22:00:26.171 [warning] [Decorations] CAPPING events from decorations provider vscode.git 2053
2022-11-04 22:00:31.218 [warning] [Decorations] CAPPING events from decorations provider vscode.git 2053
2022-11-04 22:00:36.265 [warning] [Decorations] CAPPING events from decorations provider vscode.git 2053
2022-11-04 22:00:41.318 [warning] [Decorations] CAPPING events from decorations provider vscode.git 2052
2022-11-04 22:01:18.317 [warning] [Decorations] CAPPING events from decorations provider vscode.git 2052
2022-11-04 22:01:23.357 [warning] [Decorations] CAPPING events from decorations provider vscode.git 2052
2022-11-04 22:01:28.450 [warning] [Decorations] CAPPING events from decorations provider vscode.git 2052
2022-11-04 22:01:33.533 [warning] [Decorations] CAPPING events from decorations provider vscode.git 2052
2022-11-04 22:01:38.617 [warning] [Decorations] CAPPING events from decorations provider vscode.git 2052
2022-11-04 22:01:43.704 [warning] [Decorations] CAPPING events from decorations provider vscode.git 2052
2022-11-04 22:01:48.769 [warning] [Decorations] CAPPING events from decorations provider vscode.git 2052
2022-11-04 22:01:53.805 [warning] [Decorations] CAPPING events from decorations provider vscode.git 2052
2022-11-04 22:02:11.286 [warning] [Decorations] CAPPING events from decorations provider vscode.git 2052
2022-11-04 22:02:16.320 [warning] [Decorations] CAPPING events from decorations provider vscode.git 2052
2022-11-04 22:02:21.366 [warning] [Decorations] CAPPING events from decorations provider vscode.git 2052
2022-11-04 22:02:26.416 [warning] [Decorations] CAPPING events from decorations provider vscode.git 2052
2022-11-04 22:02:31.460 [warning] [Decorations] CAPPING events from decorations provider vscode.git 2052
2022-11-04 22:02:36.505 [warning] [Decorations] CAPPING events from decorations provider vscode.git 2052
2022-11-04 22:02:41.544 [warning] [Decorations] CAPPING events from decorations provider vscode.git 2052
2022-11-04 22:02:46.593 [warning] [Decorations] CAPPING events from decorations provider vscode.git 2052
2022-11-04 22:02:51.633 [warning] [Decorations] CAPPING events from decorations provider vscode.git 2052
2022-11-04 22:02:56.729 [warning] [Decorations] CAPPING events from decorations provider vscode.git 2052
2022-11-04 22:03:01.818 [warning] [Decorations] CAPPING events from decorations provider vscode.git 2052
2022-11-04 22:03:14.433 [warning] [Decorations] CAPPING events from decorations provider vscode.git 2052
2022-11-04 22:03:19.542 [warning] [Decorations] CAPPING events from decorations provider vscode.git 2052
2022-11-04 22:03:24.594 [warning] [Decorations] CAPPING events from decorations provider vscode.git 2052
2022-11-04 22:03:29.662 [warning] [Decorations] CAPPING events from decorations provider vscode.git 2052
2022-11-04 22:03:37.688 [warning] [Decorations] CAPPING events from decorations provider vscode.git 2052
2022-11-04 22:03:42.736 [warning] [Decorations] CAPPING events from decorations provider vscode.git 2052
2022-11-04 22:03:47.798 [warning] [Decorations] CAPPING events from decorations provider vscode.git 2052
2022-11-04 22:03:55.468 [warning] [Decorations] CAPPING events from decorations provider vscode.git 2052
2022-11-04 22:03:55.505 [warning] [Decorations] CAPPING events from decorations provider vscode.git 2052
2022-11-04 22:04:00.218 [info] ExtensionService#_doActivateExtension vscode.configuration-editing, startup: false, activationEvent: 'onLanguage:jsonc'
2022-11-04 22:04:00.219 [info] ExtensionService#_doActivateExtension vscode.json-language-features, startup: false, activationEvent: 'onLanguage:jsonc'
2022-11-04 22:04:03.315 [warning] [Decorations] CAPPING events from decorations provider vscode.git 2055
2022-11-04 22:04:03.354 [warning] [Decorations] CAPPING events from decorations provider vscode.git 2055
2022-11-04 22:04:08.428 [warning] [Decorations] CAPPING events from decorations provider vscode.git 2055
2022-11-04 22:05:45.671 [warning] [Decorations] CAPPING events from decorations provider vscode.git 2055
2022-11-04 22:05:50.709 [warning] [Decorations] CAPPING events from decorations provider vscode.git 2055
2022-11-04 22:05:55.747 [warning] [Decorations] CAPPING events from decorations provider vscode.git 2055
2022-11-04 22:05:59.109 [warning] [Decorations] CAPPING events from decorations provider vscode.git 2055
2022-11-04 22:06:00.803 [warning] [Decorations] CAPPING events from decorations provider vscode.git 2055
2022-11-04 22:06:05.849 [warning] [Decorations] CAPPING events from decorations provider vscode.git 2055
2022-11-04 22:07:40.888 [warning] [Decorations] CAPPING events from decorations provider vscode.git 2055
2022-11-04 22:07:42.846 [warning] [Decorations] CAPPING events from decorations provider vscode.git 2055
2022-11-04 22:07:45.919 [warning] [Decorations] CAPPING events from decorations provider vscode.git 2055
2022-11-04 22:07:50.957 [warning] [Decorations] CAPPING events from decorations provider vscode.git 2055
2022-11-04 22:08:19.216 [warning] [Decorations] CAPPING events from decorations provider vscode.git 2055
2022-11-04 22:09:07.218 [warning] [Decorations] CAPPING events from decorations provider vscode.git 2055
2022-11-04 22:09:13.044 [warning] [Decorations] CAPPING events from decorations provider vscode.git 2055
2022-11-04 22:09:34.577 [warning] [Decorations] CAPPING events from decorations provider vscode.git 2055
2022-11-04 22:09:39.624 [warning] [Decorations] CAPPING events from decorations provider vscode.git 2055
2022-11-04 22:09:44.691 [warning] [Decorations] CAPPING events from decorations provider vscode.git 2055
2022-11-04 22:09:51.251 [warning] [Decorations] CAPPING events from decorations provider vscode.git 2055
2022-11-04 22:10:07.058 [warning] [Decorations] CAPPING events from decorations provider vscode.git 2055
2022-11-04 22:10:13.661 [warning] [Decorations] CAPPING events from decorations provider vscode.git 2055
2022-11-04 22:10:18.711 [warning] [Decorations] CAPPING events from decorations provider vscode.git 2055
2022-11-04 22:10:26.530 [warning] [Decorations] CAPPING events from decorations provider vscode.git 2055
2022-11-04 22:10:31.581 [warning] [Decorations] CAPPING events from decorations provider vscode.git 2055
2022-11-04 22:10:36.641 [warning] [Decorations] CAPPING events from decorations provider vscode.git 2055
2022-11-04 22:29:30.550 [warning] [Decorations] CAPPING events from decorations provider vscode.git 2055
2022-11-04 22:32:56.089 [warning] [Decorations] CAPPING events from decorations provider vscode.git 2055
2022-11-04 22:33:05.298 [warning] [Decorations] CAPPING events from decorations provider vscode.git 2055
2022-11-04 22:33:11.801 [warning] [Decorations] CAPPING events from decorations provider vscode.git 2055
2022-11-04 22:33:24.375 [warning] [Decorations] CAPPING events from decorations provider vscode.git 2055
2022-11-04 22:33:33.716 [warning] [Decorations] CAPPING events from decorations provider vscode.git 2055
2022-11-04 22:34:45.525 [warning] [Decorations] CAPPING events from decorations provider vscode.git 2055
2022-11-04 22:34:47.439 [warning] [Decorations] CAPPING events from decorations provider vscode.git 2055
2022-11-04 22:34:56.288 [warning] [Decorations] CAPPING events from decorations provider vscode.git 2055
2022-11-04 22:35:02.243 [warning] [Decorations] CAPPING events from decorations provider vscode.git 2055
2022-11-04 22:35:07.288 [warning] [Decorations] CAPPING events from decorations provider vscode.git 2055
2022-11-04 22:35:22.484 [warning] [Decorations] CAPPING events from decorations provider vscode.git 2055
2022-11-04 22:35:30.477 [warning] [Decorations] CAPPING events from decorations provider vscode.git 2055
2022-11-04 22:35:40.464 [warning] [Decorations] CAPPING events from decorations provider vscode.git 2055
2022-11-04 22:35:45.555 [warning] [Decorations] CAPPING events from decorations provider vscode.git 2055
2022-11-04 22:35:51.123 [warning] [Decorations] CAPPING events from decorations provider vscode.git 2055
2022-11-04 22:36:13.789 [warning] [Decorations] CAPPING events from decorations provider vscode.git 2055
2022-11-04 22:36:18.830 [warning] [Decorations] CAPPING events from decorations provider vscode.git 2055
2022-11-04 22:36:58.422 [warning] [Decorations] CAPPING events from decorations provider vscode.git 2055
2022-11-04 22:37:08.488 [warning] [Decorations] CAPPING events from decorations provider vscode.git 2055
2022-11-04 22:37:42.491 [warning] [Decorations] CAPPING events from decorations provider vscode.git 2055
2022-11-04 22:37:49.426 [warning] [Decorations] CAPPING events from decorations provider vscode.git 2055
2022-11-04 22:37:49.468 [warning] [Decorations] CAPPING events from decorations provider vscode.git 2055
2022-11-04 22:37:55.774 [warning] [Decorations] CAPPING events from decorations provider vscode.git 2055
2022-11-04 22:38:02.891 [warning] [Decorations] CAPPING events from decorations provider vscode.git 2055
2022-11-04 22:38:07.947 [warning] [Decorations] CAPPING events from decorations provider vscode.git 2055
2022-11-04 22:38:12.995 [warning] [Decorations] CAPPING events from decorations provider vscode.git 2055
2022-11-04 22:38:18.041 [warning] [Decorations] CAPPING events from decorations provider vscode.git 2055
2022-11-04 22:38:23.087 [warning] [Decorations] CAPPING events from decorations provider vscode.git 2055
2022-11-04 22:38:28.136 [warning] [Decorations] CAPPING events from decorations provider vscode.git 2055
2022-11-04 22:38:33.169 [warning] [Decorations] CAPPING events from decorations provider vscode.git 2055
2022-11-04 22:38:38.214 [warning] [Decorations] CAPPING events from decorations provider vscode.git 2055
2022-11-04 22:38:51.848 [warning] [Decorations] CAPPING events from decorations provider vscode.git 2055
2022-11-04 22:38:56.888 [warning] [Decorations] CAPPING events from decorations provider vscode.git 2055
2022-11-04 22:39:01.926 [warning] [Decorations] CAPPING events from decorations provider vscode.git 2055
2022-11-04 22:39:06.969 [warning] [Decorations] CAPPING events from decorations provider vscode.git 2055
2022-11-04 22:39:15.732 [warning] [Decorations] CAPPING events from decorations provider vscode.git 2055
2022-11-04 22:39:20.767 [warning] [Decorations] CAPPING events from decorations provider vscode.git 2055
2022-11-04 22:39:35.796 [warning] [Decorations] CAPPING events from decorations provider vscode.git 2055
2022-11-04 22:39:40.840 [warning] [Decorations] CAPPING events from decorations provider vscode.git 2055
2022-11-04 22:39:46.252 [warning] [Decorations] CAPPING events from decorations provider vscode.git 2055
2022-11-04 22:39:52.285 [warning] [Decorations] CAPPING events from decorations provider vscode.git 2055
2022-11-04 22:40:07.594 [warning] [Decorations] CAPPING events from decorations provider vscode.git 2055
2022-11-04 22:40:12.639 [warning] [Decorations] CAPPING events from decorations provider vscode.git 2055
2022-11-04 22:40:17.682 [warning] [Decorations] CAPPING events from decorations provider vscode.git 2055
2022-11-04 22:40:22.729 [warning] [Decorations] CAPPING events from decorations provider vscode.git 2055
2022-11-04 22:40:27.774 [warning] [Decorations] CAPPING events from decorations provider vscode.git 2055
2022-11-04 22:40:32.821 [warning] [Decorations] CAPPING events from decorations provider vscode.git 2055
2022-11-04 22:41:18.628 [warning] [Decorations] CAPPING events from decorations provider vscode.git 2055
2022-11-04 22:43:29.642 [warning] [Decorations] CAPPING events from decorations provider vscode.git 2056
2022-11-04 22:43:34.688 [warning] [Decorations] CAPPING events from decorations provider vscode.git 2056
2022-11-04 22:43:39.730 [warning] [Decorations] CAPPING events from decorations provider vscode.git 2056
2022-11-04 22:43:44.823 [warning] [Decorations] CAPPING events from decorations provider vscode.git 2056
2022-11-04 22:43:51.071 [warning] [Decorations] CAPPING events from decorations provider vscode.git 2056
2022-11-04 22:43:56.144 [warning] [Decorations] CAPPING events from decorations provider vscode.git 2056
2022-11-04 22:44:01.229 [warning] [Decorations] CAPPING events from decorations provider vscode.git 2056
2022-11-04 22:44:06.276 [warning] [Decorations] CAPPING events from decorations provider vscode.git 2056
2022-11-04 22:44:42.656 [warning] [Decorations] CAPPING events from decorations provider vscode.git 2056
2022-11-04 22:44:42.692 [warning] [Decorations] CAPPING events from decorations provider vscode.git 2056
2022-11-04 22:44:47.761 [warning] [Decorations] CAPPING events from decorations provider vscode.git 2056
2022-11-04 22:44:52.812 [warning] [Decorations] CAPPING events from decorations provider vscode.git 2056
2022-11-04 22:44:57.880 [warning] [Decorations] CAPPING events from decorations provider vscode.git 2056
2022-11-04 22:47:09.689 [warning] [Decorations] CAPPING events from decorations provider vscode.git 2056
2022-11-04 22:55:51.599 [warning] [Decorations] CAPPING events from decorations provider vscode.git 2056
2022-11-05 00:26:03.246 [warning] [Decorations] CAPPING events from decorations provider vscode.git 2056
2022-11-05 00:28:14.404 [warning] [Decorations] CAPPING events from decorations provider vscode.git 2056
2022-11-05 00:28:19.441 [warning] [Decorations] CAPPING events from decorations provider vscode.git 2056
2022-11-05 00:28:24.491 [warning] [Decorations] CAPPING events from decorations provider vscode.git 2056
2022-11-05 00:28:33.321 [warning] [Decorations] CAPPING events from decorations provider vscode.git 2056
2022-11-05 00:28:39.244 [warning] [Decorations] CAPPING events from decorations provider vscode.git 2056
2022-11-05 00:28:44.288 [warning] [Decorations] CAPPING events from decorations provider vscode.git 2056
2022-11-05 00:28:59.934 [warning] [Decorations] CAPPING events from decorations provider vscode.git 2056
2022-11-05 00:29:04.987 [warning] [Decorations] CAPPING events from decorations provider vscode.git 2056
2022-11-05 00:29:10.053 [warning] [Decorations] CAPPING events from decorations provider vscode.git 2056
2022-11-05 00:29:15.088 [warning] [Decorations] CAPPING events from decorations provider vscode.git 2056
2022-11-05 00:29:20.150 [warning] [Decorations] CAPPING events from decorations provider vscode.git 2056
2022-11-05 00:29:25.190 [warning] [Decorations] CAPPING events from decorations provider vscode.git 2056
2022-11-05 00:29:30.250 [warning] [Decorations] CAPPING events from decorations provider vscode.git 2056
2022-11-05 00:29:35.311 [warning] [Decorations] CAPPING events from decorations provider vscode.git 2056
2022-11-05 00:29:42.686 [warning] [Decorations] CAPPING events from decorations provider vscode.git 2056
2022-11-05 00:29:55.799 [warning] [Decorations] CAPPING events from decorations provider vscode.git 2056
2022-11-05 00:30:00.846 [warning] [Decorations] CAPPING events from decorations provider vscode.git 2056
2022-11-05 00:30:05.891 [warning] [Decorations] CAPPING events from decorations provider vscode.git 2056
2022-11-05 00:30:10.928 [warning] [Decorations] CAPPING events from decorations provider vscode.git 2056
2022-11-05 00:30:15.988 [warning] [Decorations] CAPPING events from decorations provider vscode.git 2056
2022-11-05 00:30:21.041 [warning] [Decorations] CAPPING events from decorations provider vscode.git 2056
2022-11-05 00:30:26.079 [warning] [Decorations] CAPPING events from decorations provider vscode.git 2056
2022-11-05 00:30:31.135 [warning] [Decorations] CAPPING events from decorations provider vscode.git 2056
2022-11-05 00:30:36.168 [warning] [Decorations] CAPPING events from decorations provider vscode.git 2056
2022-11-05 00:30:41.216 [warning] [Decorations] CAPPING events from decorations provider vscode.git 2056
2022-11-05 00:30:48.535 [warning] [Decorations] CAPPING events from decorations provider vscode.git 2060
2022-11-05 00:31:50.573 [warning] [Decorations] CAPPING events from decorations provider vscode.git 2062
2022-11-05 00:34:07.149 [warning] [Decorations] CAPPING events from decorations provider vscode.git 2064
2022-11-05 00:34:12.189 [warning] [Decorations] CAPPING events from decorations provider vscode.git 2064
2022-11-05 00:34:17.230 [warning] [Decorations] CAPPING events from decorations provider vscode.git 2064
2022-11-05 00:34:44.017 [warning] [Decorations] CAPPING events from decorations provider vscode.git 2064
2022-11-05 00:34:49.409 [warning] [Decorations] CAPPING events from decorations provider vscode.git 2064
2022-11-05 00:34:57.548 [warning] [Decorations] CAPPING events from decorations provider vscode.git 2064
2022-11-05 00:35:02.590 [warning] [Decorations] CAPPING events from decorations provider vscode.git 2064
2022-11-05 00:35:07.651 [warning] [Decorations] CAPPING events from decorations provider vscode.git 2064
2022-11-05 00:35:12.710 [warning] [Decorations] CAPPING events from decorations provider vscode.git 2064
2022-11-05 00:35:17.744 [warning] [Decorations] CAPPING events from decorations provider vscode.git 2064
2022-11-05 00:35:22.790 [warning] [Decorations] CAPPING events from decorations provider vscode.git 2064
2022-11-05 00:35:27.845 [warning] [Decorations] CAPPING events from decorations provider vscode.git 2064
2022-11-05 00:35:32.912 [warning] [Decorations] CAPPING events from decorations provider vscode.git 2064
2022-11-05 00:36:39.563 [warning] [Decorations] CAPPING events from decorations provider vscode.git 2064
2022-11-05 00:36:44.641 [warning] [Decorations] CAPPING events from decorations provider vscode.git 2064
2022-11-05 00:37:58.147 [warning] [Decorations] CAPPING events from decorations provider vscode.git 2064
2022-11-05 00:40:09.657 [warning] [Decorations] CAPPING events from decorations provider vscode.git 2064
2022-11-05 00:40:14.729 [warning] [Decorations] CAPPING events from decorations provider vscode.git 2064
2022-11-05 00:40:26.904 [warning] [Decorations] CAPPING events from decorations provider vscode.git 2064
2022-11-05 00:40:31.950 [warning] [Decorations] CAPPING events from decorations provider vscode.git 2064
2022-11-05 00:40:41.668 [warning] [Decorations] CAPPING events from decorations provider vscode.git 2064
2022-11-05 00:40:46.707 [warning] [Decorations] CAPPING events from decorations provider vscode.git 2064
2022-11-05 00:40:51.744 [warning] [Decorations] CAPPING events from decorations provider vscode.git 2064
2022-11-05 00:40:56.786 [warning] [Decorations] CAPPING events from decorations provider vscode.git 2064
2022-11-05 00:41:01.837 [warning] [Decorations] CAPPING events from decorations provider vscode.git 2064
2022-11-05 00:41:06.870 [warning] [Decorations] CAPPING events from decorations provider vscode.git 2064
2022-11-05 00:41:11.913 [warning] [Decorations] CAPPING events from decorations provider vscode.git 2064
2022-11-05 00:41:30.016 [warning] [Decorations] CAPPING events from decorations provider vscode.git 2064
2022-11-05 00:41:35.055 [warning] [Decorations] CAPPING events from decorations provider vscode.git 2064
2022-11-05 00:41:40.104 [warning] [Decorations] CAPPING events from decorations provider vscode.git 2064
2022-11-05 00:41:45.164 [warning] [Decorations] CAPPING events from decorations provider vscode.git 2064
2022-11-05 00:41:59.756 [warning] [Decorations] CAPPING events from decorations provider vscode.git 2064
2022-11-05 00:42:20.629 [warning] [Decorations] CAPPING events from decorations provider vscode.git 2064
2022-11-05 00:42:25.671 [warning] [Decorations] CAPPING events from decorations provider vscode.git 2064
2022-11-05 00:42:30.732 [warning] [Decorations] CAPPING events from decorations provider vscode.git 2064
2022-11-05 00:42:35.800 [warning] [Decorations] CAPPING events from decorations provider vscode.git 2064
2022-11-05 00:42:40.863 [warning] [Decorations] CAPPING events from decorations provider vscode.git 2064
2022-11-05 00:42:45.912 [warning] [Decorations] CAPPING events from decorations provider vscode.git 2064
2022-11-05 00:42:50.953 [warning] [Decorations] CAPPING events from decorations provider vscode.git 2064
2022-11-05 00:42:55.992 [warning] [Decorations] CAPPING events from decorations provider vscode.git 2064
2022-11-05 00:43:15.582 [warning] [Decorations] CAPPING events from decorations provider vscode.git 2064
2022-11-05 00:45:42.723 [warning] [Decorations] CAPPING events from decorations provider vscode.git 2064
2022-11-05 00:45:48.614 [warning] [Decorations] CAPPING events from decorations provider vscode.git 2064
2022-11-05 00:45:53.651 [warning] [Decorations] CAPPING events from decorations provider vscode.git 2064
2022-11-05 00:46:00.869 [warning] [Decorations] CAPPING events from decorations provider vscode.git 2064
2022-11-05 00:46:05.906 [warning] [Decorations] CAPPING events from decorations provider vscode.git 2064
2022-11-05 00:46:10.950 [warning] [Decorations] CAPPING events from decorations provider vscode.git 2065
2022-11-05 00:46:46.231 [warning] [Decorations] CAPPING events from decorations provider vscode.git 2065
2022-11-05 00:46:51.543 [warning] [Decorations] CAPPING events from decorations provider vscode.git 2065
2022-11-05 00:46:56.602 [warning] [Decorations] CAPPING events from decorations provider vscode.git 2065
2022-11-05 00:47:01.662 [warning] [Decorations] CAPPING events from decorations provider vscode.git 2065
2022-11-05 00:47:06.709 [warning] [Decorations] CAPPING events from decorations provider vscode.git 2065
2022-11-05 00:47:57.288 [warning] [Decorations] CAPPING events from decorations provider vscode.git 2065
2022-11-05 00:48:02.370 [warning] [Decorations] CAPPING events from decorations provider vscode.git 2065
2022-11-05 00:48:07.445 [warning] [Decorations] CAPPING events from decorations provider vscode.git 2065
2022-11-05 00:48:12.517 [warning] [Decorations] CAPPING events from decorations provider vscode.git 2065
2022-11-05 00:48:17.574 [warning] [Decorations] CAPPING events from decorations provider vscode.git 2065
2022-11-05 00:48:22.644 [warning] [Decorations] CAPPING events from decorations provider vscode.git 2065
2022-11-05 00:50:42.894 [warning] [Decorations] CAPPING events from decorations provider vscode.git 2065
2022-11-05 00:50:47.954 [warning] [Decorations] CAPPING events from decorations provider vscode.git 2065
2022-11-05 00:51:06.811 [warning] [Decorations] CAPPING events from decorations provider vscode.git 2065
2022-11-05 00:51:11.875 [warning] [Decorations] CAPPING events from decorations provider vscode.git 2065
2022-11-05 00:51:16.936 [warning] [Decorations] CAPPING events from decorations provider vscode.git 2065
2022-11-05 00:51:57.144 [warning] [Decorations] CAPPING events from decorations provider vscode.git 2065
2022-11-05 00:52:02.643 [warning] [Decorations] CAPPING events from decorations provider vscode.git 2065
2022-11-05 00:52:07.694 [warning] [Decorations] CAPPING events from decorations provider vscode.git 2065
2022-11-05 00:52:19.771 [warning] [Decorations] CAPPING events from decorations provider vscode.git 2065
2022-11-05 00:52:24.807 [warning] [Decorations] CAPPING events from decorations provider vscode.git 2065
2022-11-05 00:53:40.920 [warning] [Decorations] CAPPING events from decorations provider vscode.git 2065
2022-11-05 00:53:42.849 [warning] [Decorations] CAPPING events from decorations provider vscode.git 2065
2022-11-05 00:53:49.653 [warning] [Decorations] CAPPING events from decorations provider vscode.git 2065
2022-11-05 00:53:54.695 [warning] [Decorations] CAPPING events from decorations provider vscode.git 2065
2022-11-05 00:53:59.750 [warning] [Decorations] CAPPING events from decorations provider vscode.git 2065
2022-11-05 00:54:04.785 [warning] [Decorations] CAPPING events from decorations provider vscode.git 2065
2022-11-05 00:54:32.681 [warning] [Decorations] CAPPING events from decorations provider vscode.git 2065
2022-11-05 00:54:37.720 [warning] [Decorations] CAPPING events from decorations provider vscode.git 2065
2022-11-05 00:54:42.953 [warning] [Decorations] CAPPING events from decorations provider vscode.git 2065
2022-11-05 00:54:48.705 [warning] [Decorations] CAPPING events from decorations provider vscode.git 2065
2022-11-05 00:54:53.745 [warning] [Decorations] CAPPING events from decorations provider vscode.git 2065
2022-11-05 00:54:58.790 [warning] [Decorations] CAPPING events from decorations provider vscode.git 2065
2022-11-05 00:56:38.734 [warning] [Decorations] CAPPING events from decorations provider vscode.git 2065
2022-11-05 00:56:46.896 [warning] [Decorations] CAPPING events from decorations provider vscode.git 2065
2022-11-05 00:56:46.945 [warning] [Decorations] CAPPING events from decorations provider vscode.git 2065
2022-11-05 00:56:51.979 [warning] [Decorations] CAPPING events from decorations provider vscode.git 2065
2022-11-05 00:56:57.022 [warning] [Decorations] CAPPING events from decorations provider vscode.git 2065
2022-11-05 00:57:02.084 [warning] [Decorations] CAPPING events from decorations provider vscode.git 2065
2022-11-05 00:57:07.990 [warning] [Decorations] CAPPING events from decorations provider vscode.git 2065
2022-11-05 00:57:08.030 [warning] [Decorations] CAPPING events from decorations provider vscode.git 2065
2022-11-05 00:57:32.682 [warning] [Decorations] CAPPING events from decorations provider vscode.git 2065
2022-11-05 00:57:37.721 [warning] [Decorations] CAPPING events from decorations provider vscode.git 2065
2022-11-05 00:57:42.780 [warning] [Decorations] CAPPING events from decorations provider vscode.git 2065
2022-11-05 00:58:51.398 [info] Extension host terminating: received terminate message from renderer
2022-11-05 00:58:51.400 [info] Lock '/home/jxyh/.vscode-server/data/User/workspaceStorage/38fb73aaddb5300dce8cbb239d0b8dd0/vscode.lock': Marking the lockfile as scheduled to be released in 6000 ms.
2022-11-05 00:58:51.444 [info] Extension host with pid 2407 exiting with code 0
