2022-11-04 20:33:33.720 [info] Validating found git in: git
2022-11-04 20:33:33.720 [info] Using git 2.34.1 from git
2022-11-04 20:33:33.720 [info] > git rev-parse --show-toplevel [6ms]
2022-11-04 20:33:33.720 [info] fatal: not a git repository (or any of the parent directories): .git
2022-11-04 20:33:33.720 [info] > git rev-parse --show-toplevel [7ms]
2022-11-04 20:33:33.720 [info] fatal: not a git repository (or any of the parent directories): .git
2022-11-04 21:20:07.534 [info] > git rev-parse --show-toplevel [2ms]
2022-11-04 21:20:07.535 [info] fatal: not a git repository (or any of the parent directories): .git
2022-11-04 21:21:14.282 [info] > git rev-parse --show-toplevel [4ms]
2022-11-04 21:21:14.282 [info] fatal: not a git repository (or any of the parent directories): .git
2022-11-04 21:21:25.784 [info] > git rev-parse --show-toplevel [0ms]
2022-11-04 21:21:25.784 [info] fatal: not a git repository (or any of the parent directories): .git
2022-11-04 21:21:27.712 [info] > git rev-parse --show-toplevel [1ms]
2022-11-04 21:21:27.712 [info] fatal: not a git repository (or any of the parent directories): .git
2022-11-04 21:23:32.260 [info] > git rev-parse --show-toplevel [1ms]
2022-11-04 21:23:32.260 [info] fatal: not a git repository (or any of the parent directories): .git
2022-11-04 21:23:37.919 [info] > git rev-parse --show-toplevel [3ms]
2022-11-04 21:23:37.919 [info] fatal: not a git repository (or any of the parent directories): .git
2022-11-04 21:25:09.973 [info] > git rev-parse --show-toplevel [1ms]
2022-11-04 21:25:09.973 [info] fatal: not a git repository (or any of the parent directories): .git
2022-11-04 21:25:49.216 [info] > git init [18ms]
2022-11-04 21:25:49.216 [info] hint: Using 'master' as the name for the initial branch. This default branch name
hint: is subject to change. To configure the initial branch name to use in all
hint: of your new repositories, which will suppress this warning, call:
hint: 
hint: 	git config --global init.defaultBranch <name>
hint: 
hint: Names commonly chosen instead of 'master' are 'main', 'trunk' and
hint: 'development'. The just-created branch can be renamed via this command:
hint: 
hint: 	git branch -m <name>
2022-11-04 21:25:49.793 [info] > git rev-parse --show-toplevel [1ms]
2022-11-04 21:25:49.798 [info] > git rev-parse --git-dir --git-common-dir [1ms]
2022-11-04 21:25:49.804 [info] Log level: Info
2022-11-04 21:25:49.804 [info] Open repository: /home/jxyh
2022-11-04 21:25:49.819 [info] > git remote --verbose [8ms]
2022-11-04 21:25:49.819 [info] > git for-each-ref --sort -committerdate --format %(refname) %(objectname) %(*objectname) [12ms]
2022-11-04 21:25:49.820 [info] > git config --get commit.template [1ms]
2022-11-04 21:25:49.828 [info] > git status -z -uall [15ms]
2022-11-04 21:25:49.828 [info] > git for-each-ref --format=%(refname)%00%(upstream:short)%00%(objectname)%00%(upstream:track)%00%(upstream:remotename)%00%(upstream:remoteref) refs/heads/master refs/remotes/master [5ms]
2022-11-04 21:25:49.877 [info] > git remote --verbose [7ms]
2022-11-04 21:25:49.877 [info] > git for-each-ref --sort -committerdate --format %(refname) %(objectname) %(*objectname) [13ms]
2022-11-04 21:25:49.878 [info] > git config --get commit.template [1ms]
2022-11-04 21:25:49.883 [info] > git status -z -uall [12ms]
2022-11-04 21:25:49.903 [info] > git for-each-ref --format=%(refname)%00%(upstream:short)%00%(objectname)%00%(upstream:track)%00%(upstream:remotename)%00%(upstream:remoteref) refs/heads/master refs/remotes/master [20ms]
2022-11-04 21:25:50.403 [info] > git show --textconv :qlstudio/1.c [4ms]
2022-11-04 21:25:50.404 [info] > git ls-files --stage -- /home/jxyh/qlstudio/1.c [1ms]
2022-11-04 21:25:50.695 [info] > git check-ignore -v -z --stdin [1ms]
2022-11-04 21:25:51.061 [info] > git remote --verbose [4ms]
2022-11-04 21:25:51.061 [info] > git for-each-ref --sort -committerdate --format %(refname) %(objectname) %(*objectname) [7ms]
2022-11-04 21:25:51.066 [info] > git config --get commit.template [0ms]
2022-11-04 21:25:51.070 [info] > git status -z -uall [10ms]
2022-11-04 21:25:51.071 [info] > git for-each-ref --format=%(refname)%00%(upstream:short)%00%(objectname)%00%(upstream:track)%00%(upstream:remotename)%00%(upstream:remoteref) refs/heads/master refs/remotes/master [1ms]
2022-11-04 21:25:56.103 [info] > git remote --verbose [4ms]
2022-11-04 21:25:56.103 [info] > git for-each-ref --sort -committerdate --format %(refname) %(objectname) %(*objectname) [7ms]
2022-11-04 21:25:56.111 [info] > git status -z -uall [10ms]
2022-11-04 21:25:56.112 [info] > git config --get commit.template [5ms]
2022-11-04 21:25:56.112 [info] > git for-each-ref --format=%(refname)%00%(upstream:short)%00%(objectname)%00%(upstream:track)%00%(upstream:remotename)%00%(upstream:remoteref) refs/heads/master refs/remotes/master [2ms]
2022-11-04 21:25:58.144 [info] > git check-ignore -v -z --stdin [2ms]
2022-11-04 21:26:01.199 [info] > git remote --verbose [4ms]
2022-11-04 21:26:01.199 [info] > git for-each-ref --sort -committerdate --format %(refname) %(objectname) %(*objectname) [9ms]
2022-11-04 21:26:01.204 [info] > git config --get commit.template [1ms]
2022-11-04 21:26:01.209 [info] > git status -z -uall [12ms]
2022-11-04 21:26:01.210 [info] > git for-each-ref --format=%(refname)%00%(upstream:short)%00%(objectname)%00%(upstream:track)%00%(upstream:remotename)%00%(upstream:remoteref) refs/heads/master refs/remotes/master [2ms]
2022-11-04 21:26:05.908 [info] > git check-ignore -v -z --stdin [1ms]
2022-11-04 21:26:06.245 [info] > git remote --verbose [8ms]
2022-11-04 21:26:06.246 [info] > git for-each-ref --sort -committerdate --format %(refname) %(objectname) %(*objectname) [11ms]
2022-11-04 21:26:06.258 [info] > git config --get commit.template [13ms]
2022-11-04 21:26:06.263 [info] > git status -z -uall [23ms]
2022-11-04 21:26:06.271 [info] > git for-each-ref --format=%(refname)%00%(upstream:short)%00%(objectname)%00%(upstream:track)%00%(upstream:remotename)%00%(upstream:remoteref) refs/heads/master refs/remotes/master [1ms]
2022-11-04 21:26:11.320 [info] > git remote --verbose [7ms]
2022-11-04 21:26:11.320 [info] > git for-each-ref --sort -committerdate --format %(refname) %(objectname) %(*objectname) [11ms]
2022-11-04 21:26:11.332 [info] > git config --get commit.template [12ms]
2022-11-04 21:26:11.333 [info] > git status -z -uall [18ms]
2022-11-04 21:26:11.348 [info] > git for-each-ref --format=%(refname)%00%(upstream:short)%00%(objectname)%00%(upstream:track)%00%(upstream:remotename)%00%(upstream:remoteref) refs/heads/master refs/remotes/master [0ms]
2022-11-04 21:26:16.898 [info] > git remote --verbose [9ms]
2022-11-04 21:26:16.899 [info] > git for-each-ref --sort -committerdate --format %(refname) %(objectname) %(*objectname) [14ms]
2022-11-04 21:26:16.902 [info] > git config --get commit.template [4ms]
2022-11-04 21:26:16.903 [info] > git status -z -uall [11ms]
2022-11-04 21:26:16.918 [info] > git for-each-ref --format=%(refname)%00%(upstream:short)%00%(objectname)%00%(upstream:track)%00%(upstream:remotename)%00%(upstream:remoteref) refs/heads/master refs/remotes/master [3ms]
2022-11-04 21:26:21.948 [info] > git remote --verbose [4ms]
2022-11-04 21:26:21.949 [info] > git for-each-ref --sort -committerdate --format %(refname) %(objectname) %(*objectname) [8ms]
2022-11-04 21:26:21.956 [info] > git status -z -uall [10ms]
2022-11-04 21:26:21.957 [info] > git config --get commit.template [3ms]
2022-11-04 21:26:21.972 [info] > git for-each-ref --format=%(refname)%00%(upstream:short)%00%(objectname)%00%(upstream:track)%00%(upstream:remotename)%00%(upstream:remoteref) refs/heads/master refs/remotes/master [11ms]
2022-11-04 21:26:27.003 [info] > git remote --verbose [7ms]
2022-11-04 21:26:27.004 [info] > git for-each-ref --sort -committerdate --format %(refname) %(objectname) %(*objectname) [10ms]
2022-11-04 21:26:27.005 [info] > git config --get commit.template [2ms]
2022-11-04 21:26:27.010 [info] > git status -z -uall [11ms]
2022-11-04 21:26:27.010 [info] > git for-each-ref --format=%(refname)%00%(upstream:short)%00%(objectname)%00%(upstream:track)%00%(upstream:remotename)%00%(upstream:remoteref) refs/heads/master refs/remotes/master [1ms]
2022-11-04 21:26:32.049 [info] > git remote --verbose [7ms]
2022-11-04 21:26:32.049 [info] > git for-each-ref --sort -committerdate --format %(refname) %(objectname) %(*objectname) [11ms]
2022-11-04 21:26:32.050 [info] > git config --get commit.template [3ms]
2022-11-04 21:26:32.057 [info] > git status -z -uall [13ms]
2022-11-04 21:26:32.058 [info] > git for-each-ref --format=%(refname)%00%(upstream:short)%00%(objectname)%00%(upstream:track)%00%(upstream:remotename)%00%(upstream:remoteref) refs/heads/master refs/remotes/master [2ms]
2022-11-04 21:26:37.109 [info] > git remote --verbose [7ms]
2022-11-04 21:26:37.109 [info] > git for-each-ref --sort -committerdate --format %(refname) %(objectname) %(*objectname) [9ms]
2022-11-04 21:26:37.115 [info] > git config --get commit.template [6ms]
2022-11-04 21:26:37.115 [info] > git status -z -uall [10ms]
2022-11-04 21:26:37.122 [info] > git for-each-ref --format=%(refname)%00%(upstream:short)%00%(objectname)%00%(upstream:track)%00%(upstream:remotename)%00%(upstream:remoteref) refs/heads/master refs/remotes/master [1ms]
2022-11-04 21:26:42.152 [info] > git remote --verbose [7ms]
2022-11-04 21:26:42.153 [info] > git for-each-ref --sort -committerdate --format %(refname) %(objectname) %(*objectname) [10ms]
2022-11-04 21:26:42.164 [info] > git config --get commit.template [11ms]
2022-11-04 21:26:42.164 [info] > git status -z -uall [16ms]
2022-11-04 21:26:42.172 [info] > git for-each-ref --format=%(refname)%00%(upstream:short)%00%(objectname)%00%(upstream:track)%00%(upstream:remotename)%00%(upstream:remoteref) refs/heads/master refs/remotes/master [1ms]
2022-11-04 21:26:47.195 [info] > git remote --verbose [5ms]
2022-11-04 21:26:47.195 [info] > git for-each-ref --sort -committerdate --format %(refname) %(objectname) %(*objectname) [7ms]
2022-11-04 21:26:47.203 [info] > git config --get commit.template [2ms]
2022-11-04 21:26:47.208 [info] > git status -z -uall [15ms]
2022-11-04 21:26:47.217 [info] > git for-each-ref --format=%(refname)%00%(upstream:short)%00%(objectname)%00%(upstream:track)%00%(upstream:remotename)%00%(upstream:remoteref) refs/heads/master refs/remotes/master [9ms]
2022-11-04 21:26:52.323 [info] > git remote --verbose [6ms]
2022-11-04 21:26:52.323 [info] > git for-each-ref --sort -committerdate --format %(refname) %(objectname) %(*objectname) [10ms]
2022-11-04 21:26:52.335 [info] > git config --get commit.template [13ms]
2022-11-04 21:26:52.335 [info] > git status -z -uall [16ms]
2022-11-04 21:26:52.343 [info] > git for-each-ref --format=%(refname)%00%(upstream:short)%00%(objectname)%00%(upstream:track)%00%(upstream:remotename)%00%(upstream:remoteref) refs/heads/master refs/remotes/master [1ms]
2022-11-04 21:26:57.384 [info] > git remote --verbose [6ms]
2022-11-04 21:26:57.384 [info] > git for-each-ref --sort -committerdate --format %(refname) %(objectname) %(*objectname) [10ms]
2022-11-04 21:26:57.385 [info] > git config --get commit.template [2ms]
2022-11-04 21:26:57.391 [info] > git status -z -uall [11ms]
2022-11-04 21:26:57.391 [info] > git for-each-ref --format=%(refname)%00%(upstream:short)%00%(objectname)%00%(upstream:track)%00%(upstream:remotename)%00%(upstream:remoteref) refs/heads/master refs/remotes/master [2ms]
2022-11-04 21:27:02.465 [info] > git remote --verbose [6ms]
2022-11-04 21:27:02.465 [info] > git for-each-ref --sort -committerdate --format %(refname) %(objectname) %(*objectname) [10ms]
2022-11-04 21:27:02.466 [info] > git config --get commit.template [1ms]
2022-11-04 21:27:02.471 [info] > git status -z -uall [11ms]
2022-11-04 21:27:02.471 [info] > git for-each-ref --format=%(refname)%00%(upstream:short)%00%(objectname)%00%(upstream:track)%00%(upstream:remotename)%00%(upstream:remoteref) refs/heads/master refs/remotes/master [2ms]
2022-11-04 21:27:07.511 [info] > git remote --verbose [7ms]
2022-11-04 21:27:07.512 [info] > git for-each-ref --sort -committerdate --format %(refname) %(objectname) %(*objectname) [11ms]
2022-11-04 21:27:07.524 [info] > git config --get commit.template [11ms]
2022-11-04 21:27:07.525 [info] > git status -z -uall [18ms]
2022-11-04 21:27:07.544 [info] > git for-each-ref --format=%(refname)%00%(upstream:short)%00%(objectname)%00%(upstream:track)%00%(upstream:remotename)%00%(upstream:remoteref) refs/heads/master refs/remotes/master [5ms]
2022-11-04 21:27:12.580 [info] > git remote --verbose [7ms]
2022-11-04 21:27:12.581 [info] > git for-each-ref --sort -committerdate --format %(refname) %(objectname) %(*objectname) [10ms]
2022-11-04 21:27:12.591 [info] > git config --get commit.template [11ms]
2022-11-04 21:27:12.593 [info] > git status -z -uall [17ms]
2022-11-04 21:27:12.611 [info] > git for-each-ref --format=%(refname)%00%(upstream:short)%00%(objectname)%00%(upstream:track)%00%(upstream:remotename)%00%(upstream:remoteref) refs/heads/master refs/remotes/master [7ms]
2022-11-04 21:27:22.189 [info] > git remote --verbose [9ms]
2022-11-04 21:27:22.189 [info] > git for-each-ref --sort -committerdate --format %(refname) %(objectname) %(*objectname) [14ms]
2022-11-04 21:27:22.191 [info] > git config --get commit.template [3ms]
2022-11-04 21:27:22.199 [info] > git status -z -uall [16ms]
2022-11-04 21:27:22.200 [info] > git for-each-ref --format=%(refname)%00%(upstream:short)%00%(objectname)%00%(upstream:track)%00%(upstream:remotename)%00%(upstream:remoteref) refs/heads/master refs/remotes/master [1ms]
2022-11-04 21:27:27.235 [info] > git remote --verbose [7ms]
2022-11-04 21:27:27.236 [info] > git for-each-ref --sort -committerdate --format %(refname) %(objectname) %(*objectname) [10ms]
2022-11-04 21:27:27.248 [info] > git status -z -uall [17ms]
2022-11-04 21:27:27.249 [info] > git config --get commit.template [13ms]
2022-11-04 21:27:27.267 [info] > git for-each-ref --format=%(refname)%00%(upstream:short)%00%(objectname)%00%(upstream:track)%00%(upstream:remotename)%00%(upstream:remoteref) refs/heads/master refs/remotes/master [6ms]
2022-11-04 21:27:32.310 [info] > git remote --verbose [6ms]
2022-11-04 21:27:32.310 [info] > git for-each-ref --sort -committerdate --format %(refname) %(objectname) %(*objectname) [10ms]
2022-11-04 21:27:32.311 [info] > git config --get commit.template [2ms]
2022-11-04 21:27:32.316 [info] > git status -z -uall [10ms]
2022-11-04 21:27:32.319 [info] > git for-each-ref --format=%(refname)%00%(upstream:short)%00%(objectname)%00%(upstream:track)%00%(upstream:remotename)%00%(upstream:remoteref) refs/heads/master refs/remotes/master [4ms]
2022-11-04 21:27:37.359 [info] > git remote --verbose [6ms]
2022-11-04 21:27:37.359 [info] > git for-each-ref --sort -committerdate --format %(refname) %(objectname) %(*objectname) [10ms]
2022-11-04 21:27:37.361 [info] > git config --get commit.template [3ms]
2022-11-04 21:27:37.366 [info] > git status -z -uall [11ms]
2022-11-04 21:27:37.367 [info] > git for-each-ref --format=%(refname)%00%(upstream:short)%00%(objectname)%00%(upstream:track)%00%(upstream:remotename)%00%(upstream:remoteref) refs/heads/master refs/remotes/master [1ms]
2022-11-04 21:27:42.404 [info] > git remote --verbose [9ms]
2022-11-04 21:27:42.404 [info] > git for-each-ref --sort -committerdate --format %(refname) %(objectname) %(*objectname) [13ms]
2022-11-04 21:27:42.415 [info] > git config --get commit.template [11ms]
2022-11-04 21:27:42.415 [info] > git status -z -uall [17ms]
2022-11-04 21:27:42.425 [info] > git for-each-ref --format=%(refname)%00%(upstream:short)%00%(objectname)%00%(upstream:track)%00%(upstream:remotename)%00%(upstream:remoteref) refs/heads/master refs/remotes/master [3ms]
2022-11-04 21:27:47.450 [info] > git remote --verbose [9ms]
2022-11-04 21:27:47.450 [info] > git for-each-ref --sort -committerdate --format %(refname) %(objectname) %(*objectname) [12ms]
2022-11-04 21:27:47.462 [info] > git config --get commit.template [13ms]
2022-11-04 21:27:47.462 [info] > git status -z -uall [17ms]
2022-11-04 21:27:47.470 [info] > git for-each-ref --format=%(refname)%00%(upstream:short)%00%(objectname)%00%(upstream:track)%00%(upstream:remotename)%00%(upstream:remoteref) refs/heads/master refs/remotes/master [1ms]
2022-11-04 21:27:52.499 [info] > git remote --verbose [7ms]
2022-11-04 21:27:52.499 [info] > git for-each-ref --sort -committerdate --format %(refname) %(objectname) %(*objectname) [11ms]
2022-11-04 21:27:52.511 [info] > git config --get commit.template [13ms]
2022-11-04 21:27:52.511 [info] > git status -z -uall [16ms]
2022-11-04 21:27:52.519 [info] > git for-each-ref --format=%(refname)%00%(upstream:short)%00%(objectname)%00%(upstream:track)%00%(upstream:remotename)%00%(upstream:remoteref) refs/heads/master refs/remotes/master [1ms]
2022-11-04 21:28:09.660 [info] > git remote --verbose [10ms]
2022-11-04 21:28:09.661 [info] > git for-each-ref --sort -committerdate --format %(refname) %(objectname) %(*objectname) [14ms]
2022-11-04 21:28:09.661 [info] > git config --get commit.template [2ms]
2022-11-04 21:28:09.662 [info] > git status -z -uall [7ms]
2022-11-04 21:28:09.669 [info] > git for-each-ref --format=%(refname)%00%(upstream:short)%00%(objectname)%00%(upstream:track)%00%(upstream:remotename)%00%(upstream:remoteref) refs/heads/master refs/remotes/master [1ms]
2022-11-04 21:28:14.697 [info] > git remote --verbose [9ms]
2022-11-04 21:28:14.697 [info] > git for-each-ref --sort -committerdate --format %(refname) %(objectname) %(*objectname) [14ms]
2022-11-04 21:28:14.708 [info] > git config --get commit.template [12ms]
2022-11-04 21:28:14.708 [info] > git status -z -uall [17ms]
2022-11-04 21:28:14.715 [info] > git for-each-ref --format=%(refname)%00%(upstream:short)%00%(objectname)%00%(upstream:track)%00%(upstream:remotename)%00%(upstream:remoteref) refs/heads/master refs/remotes/master [1ms]
2022-11-04 21:28:16.493 [info] > git check-ignore -v -z --stdin [1ms]
2022-11-04 21:28:19.750 [info] > git remote --verbose [6ms]
2022-11-04 21:28:19.750 [info] > git for-each-ref --sort -committerdate --format %(refname) %(objectname) %(*objectname) [9ms]
2022-11-04 21:28:19.762 [info] > git config --get commit.template [13ms]
2022-11-04 21:28:19.762 [info] > git status -z -uall [16ms]
2022-11-04 21:28:19.771 [info] > git for-each-ref --format=%(refname)%00%(upstream:short)%00%(objectname)%00%(upstream:track)%00%(upstream:remotename)%00%(upstream:remoteref) refs/heads/master refs/remotes/master [0ms]
2022-11-04 21:28:24.808 [info] > git remote --verbose [7ms]
2022-11-04 21:28:24.809 [info] > git for-each-ref --sort -committerdate --format %(refname) %(objectname) %(*objectname) [10ms]
2022-11-04 21:28:24.819 [info] > git config --get commit.template [12ms]
2022-11-04 21:28:24.820 [info] > git status -z -uall [16ms]
2022-11-04 21:28:24.836 [info] > git for-each-ref --format=%(refname)%00%(upstream:short)%00%(objectname)%00%(upstream:track)%00%(upstream:remotename)%00%(upstream:remoteref) refs/heads/master refs/remotes/master [5ms]
2022-11-04 21:28:29.861 [info] > git remote --verbose [7ms]
2022-11-04 21:28:29.864 [info] > git for-each-ref --sort -committerdate --format %(refname) %(objectname) %(*objectname) [12ms]
2022-11-04 21:28:29.867 [info] > git config --get commit.template [6ms]
2022-11-04 21:28:29.870 [info] > git status -z -uall [13ms]
2022-11-04 21:28:29.884 [info] > git for-each-ref --format=%(refname)%00%(upstream:short)%00%(objectname)%00%(upstream:track)%00%(upstream:remotename)%00%(upstream:remoteref) refs/heads/master refs/remotes/master [7ms]
2022-11-04 21:28:48.726 [info] > git remote --verbose [10ms]
2022-11-04 21:28:48.726 [info] > git for-each-ref --sort -committerdate --format %(refname) %(objectname) %(*objectname) [16ms]
2022-11-04 21:28:48.726 [info] > git config --get commit.template [1ms]
2022-11-04 21:28:48.731 [info] > git status -z -uall [12ms]
2022-11-04 21:28:48.735 [info] > git for-each-ref --format=%(refname)%00%(upstream:short)%00%(objectname)%00%(upstream:track)%00%(upstream:remotename)%00%(upstream:remoteref) refs/heads/master refs/remotes/master [4ms]
2022-11-04 21:28:51.064 [info] > git show --textconv HEAD:.vscode-server/extensions/formulahendry.code-runner-0.11.8/node_modules/zone.js/lib/browser/browser.ts [7ms]
2022-11-04 21:28:51.064 [info] > git ls-tree -l HEAD -- /home/jxyh/.vscode-server/extensions/formulahendry.code-runner-0.11.8/node_modules/zone.js/lib/browser/browser.ts [3ms]
2022-11-04 21:28:51.064 [info] fatal: Not a valid object name HEAD
2022-11-04 21:28:51.571 [info] > git check-ignore -v -z --stdin [2ms]
2022-11-04 21:28:53.761 [info] > git remote --verbose [8ms]
2022-11-04 21:28:53.767 [info] > git for-each-ref --sort -committerdate --format %(refname) %(objectname) %(*objectname) [17ms]
2022-11-04 21:28:53.768 [info] > git config --get commit.template [8ms]
2022-11-04 21:28:53.769 [info] > git status -z -uall [13ms]
2022-11-04 21:28:53.777 [info] > git for-each-ref --format=%(refname)%00%(upstream:short)%00%(objectname)%00%(upstream:track)%00%(upstream:remotename)%00%(upstream:remoteref) refs/heads/master refs/remotes/master [1ms]
2022-11-04 21:28:54.610 [info] > git check-ignore -v -z --stdin [0ms]
2022-11-04 21:28:58.809 [info] > git remote --verbose [7ms]
2022-11-04 21:28:58.809 [info] > git for-each-ref --sort -committerdate --format %(refname) %(objectname) %(*objectname) [11ms]
2022-11-04 21:28:58.810 [info] > git config --get commit.template [1ms]
2022-11-04 21:28:58.816 [info] > git status -z -uall [12ms]
2022-11-04 21:28:58.819 [info] > git for-each-ref --format=%(refname)%00%(upstream:short)%00%(objectname)%00%(upstream:track)%00%(upstream:remotename)%00%(upstream:remoteref) refs/heads/master refs/remotes/master [4ms]
2022-11-04 21:29:03.846 [info] > git remote --verbose [4ms]
2022-11-04 21:29:03.846 [info] > git for-each-ref --sort -committerdate --format %(refname) %(objectname) %(*objectname) [8ms]
2022-11-04 21:29:03.862 [info] > git status -z -uall [18ms]
2022-11-04 21:29:03.862 [info] > git config --get commit.template [1ms]
2022-11-04 21:29:03.872 [info] > git for-each-ref --format=%(refname)%00%(upstream:short)%00%(objectname)%00%(upstream:track)%00%(upstream:remotename)%00%(upstream:remoteref) refs/heads/master refs/remotes/master [4ms]
2022-11-04 21:29:08.901 [info] > git remote --verbose [7ms]
2022-11-04 21:29:08.902 [info] > git for-each-ref --sort -committerdate --format %(refname) %(objectname) %(*objectname) [10ms]
2022-11-04 21:29:08.904 [info] > git config --get commit.template [3ms]
2022-11-04 21:29:08.905 [info] > git status -z -uall [8ms]
2022-11-04 21:29:08.927 [info] > git for-each-ref --format=%(refname)%00%(upstream:short)%00%(objectname)%00%(upstream:track)%00%(upstream:remotename)%00%(upstream:remoteref) refs/heads/master refs/remotes/master [8ms]
2022-11-04 21:29:13.954 [info] > git remote --verbose [7ms]
2022-11-04 21:29:13.954 [info] > git for-each-ref --sort -committerdate --format %(refname) %(objectname) %(*objectname) [11ms]
2022-11-04 21:29:13.966 [info] > git config --get commit.template [12ms]
2022-11-04 21:29:13.966 [info] > git status -z -uall [17ms]
2022-11-04 21:29:13.974 [info] > git for-each-ref --format=%(refname)%00%(upstream:short)%00%(objectname)%00%(upstream:track)%00%(upstream:remotename)%00%(upstream:remoteref) refs/heads/master refs/remotes/master [1ms]
2022-11-04 21:30:36.037 [info] > git remote --verbose [8ms]
2022-11-04 21:30:36.037 [info] > git for-each-ref --sort -committerdate --format %(refname) %(objectname) %(*objectname) [13ms]
2022-11-04 21:30:36.037 [info] > git ls-tree -l HEAD -- /home/jxyh/.vscode-server/extensions/formulahendry.code-runner-0.11.8/node_modules/zone.js/lib/browser/browser.ts [17ms]
2022-11-04 21:30:36.037 [info] fatal: Not a valid object name HEAD
2022-11-04 21:30:36.041 [info] > git config --get commit.template [5ms]
2022-11-04 21:30:36.041 [info] > git status -z -uall [10ms]
2022-11-04 21:30:36.053 [info] > git for-each-ref --format=%(refname)%00%(upstream:short)%00%(objectname)%00%(upstream:track)%00%(upstream:remotename)%00%(upstream:remoteref) refs/heads/master refs/remotes/master [1ms]
2022-11-04 21:30:37.018 [info] > git ls-tree -l HEAD -- /home/jxyh/.vscode-server/extensions/formulahendry.code-runner-0.11.8/node_modules/zone.js/lib/browser/browser.ts [1ms]
2022-11-04 21:30:37.018 [info] fatal: Not a valid object name HEAD
2022-11-04 21:30:41.081 [info] > git remote --verbose [8ms]
2022-11-04 21:30:41.081 [info] > git for-each-ref --sort -committerdate --format %(refname) %(objectname) %(*objectname) [10ms]
2022-11-04 21:30:41.093 [info] > git status -z -uall [16ms]
2022-11-04 21:30:41.093 [info] > git config --get commit.template [13ms]
2022-11-04 21:30:41.102 [info] > git for-each-ref --format=%(refname)%00%(upstream:short)%00%(objectname)%00%(upstream:track)%00%(upstream:remotename)%00%(upstream:remoteref) refs/heads/master refs/remotes/master [1ms]
2022-11-04 21:30:46.134 [info] > git remote --verbose [8ms]
2022-11-04 21:30:46.134 [info] > git for-each-ref --sort -committerdate --format %(refname) %(objectname) %(*objectname) [12ms]
2022-11-04 21:30:46.146 [info] > git status -z -uall [17ms]
2022-11-04 21:30:46.146 [info] > git config --get commit.template [13ms]
2022-11-04 21:30:46.162 [info] > git for-each-ref --format=%(refname)%00%(upstream:short)%00%(objectname)%00%(upstream:track)%00%(upstream:remotename)%00%(upstream:remoteref) refs/heads/master refs/remotes/master [1ms]
2022-11-04 21:30:51.207 [info] > git remote --verbose [7ms]
2022-11-04 21:30:51.208 [info] > git for-each-ref --sort -committerdate --format %(refname) %(objectname) %(*objectname) [11ms]
2022-11-04 21:30:51.210 [info] > git status -z -uall [6ms]
2022-11-04 21:30:51.210 [info] > git config --get commit.template [4ms]
2022-11-04 21:30:51.219 [info] > git for-each-ref --format=%(refname)%00%(upstream:short)%00%(objectname)%00%(upstream:track)%00%(upstream:remotename)%00%(upstream:remoteref) refs/heads/master refs/remotes/master [1ms]
2022-11-04 21:30:54.266 [info] > git remote add xyh git@github.com:wooDeYe323/qlstudio.git [10ms]
2022-11-04 21:30:54.284 [info] > git remote --verbose [10ms]
2022-11-04 21:30:54.285 [info] > git for-each-ref --sort -committerdate --format %(refname) %(objectname) %(*objectname) [15ms]
2022-11-04 21:30:54.287 [info] > git config --get commit.template [4ms]
2022-11-04 21:30:54.287 [info] > git status -z -uall [10ms]
2022-11-04 21:30:54.296 [info] > git for-each-ref --format=%(refname)%00%(upstream:short)%00%(objectname)%00%(upstream:track)%00%(upstream:remotename)%00%(upstream:remoteref) refs/heads/master refs/remotes/master [0ms]
2022-11-04 21:30:55.621 [info] > git ls-tree -l HEAD -- /home/jxyh/.vscode-server/extensions/formulahendry.code-runner-0.11.8/node_modules/zone.js/lib/browser/browser.ts [1ms]
2022-11-04 21:30:55.621 [info] fatal: Not a valid object name HEAD
2022-11-04 21:30:55.684 [info] > git show --textconv HEAD:.vscode-server/extensions/formulahendry.code-runner-0.11.8/node_modules/zone.js/lib/browser/browser.ts [1ms]
2022-11-04 21:31:01.142 [info] > git fetch xyh [6831ms]
2022-11-04 21:31:01.142 [info] Warning: Permanently added 'github.com' (ED25519) to the list of known hosts.
git@github.com: Permission denied (publickey).
fatal: Could not read from remote repository.

Please make sure you have the correct access rights
and the repository exists.
2022-11-04 21:31:01.160 [info] > git remote --verbose [9ms]
2022-11-04 21:31:01.160 [info] > git for-each-ref --sort -committerdate --format %(refname) %(objectname) %(*objectname) [13ms]
2022-11-04 21:31:01.162 [info] > git config --get commit.template [3ms]
2022-11-04 21:31:01.163 [info] > git status -z -uall [9ms]
2022-11-04 21:31:01.172 [info] > git for-each-ref --format=%(refname)%00%(upstream:short)%00%(objectname)%00%(upstream:track)%00%(upstream:remotename)%00%(upstream:remoteref) refs/heads/master refs/remotes/master [0ms]
2022-11-04 21:31:02.045 [info] > git check-ignore -v -z --stdin [1ms]
2022-11-04 21:31:12.933 [info] > git remote --verbose [10ms]
2022-11-04 21:31:12.934 [info] > git for-each-ref --sort -committerdate --format %(refname) %(objectname) %(*objectname) [14ms]
2022-11-04 21:31:12.934 [info] > git ls-tree -l HEAD -- /home/jxyh/.vscode-server/extensions/formulahendry.code-runner-0.11.8/node_modules/zone.js/lib/browser/browser.ts [21ms]
2022-11-04 21:31:12.934 [info] fatal: Not a valid object name HEAD
2022-11-04 21:31:12.935 [info] > git config --get commit.template [4ms]
2022-11-04 21:31:12.936 [info] > git status -z -uall [10ms]
2022-11-04 21:31:12.948 [info] > git for-each-ref --format=%(refname)%00%(upstream:short)%00%(objectname)%00%(upstream:track)%00%(upstream:remotename)%00%(upstream:remoteref) refs/heads/master refs/remotes/master [3ms]
2022-11-04 21:31:17.983 [info] > git remote --verbose [10ms]
2022-11-04 21:31:17.984 [info] > git for-each-ref --sort -committerdate --format %(refname) %(objectname) %(*objectname) [15ms]
2022-11-04 21:31:17.996 [info] > git config --get commit.template [13ms]
2022-11-04 21:31:17.997 [info] > git status -z -uall [20ms]
2022-11-04 21:31:18.007 [info] > git for-each-ref --format=%(refname)%00%(upstream:short)%00%(objectname)%00%(upstream:track)%00%(upstream:remotename)%00%(upstream:remoteref) refs/heads/master refs/remotes/master [0ms]
2022-11-04 21:31:18.379 [info] > git check-ignore -v -z --stdin [0ms]
2022-11-04 21:31:21.575 [info] > git show --textconv :qlstudio/1.c [4ms]
2022-11-04 21:31:21.576 [info] > git ls-files --stage -- /home/jxyh/qlstudio/1.c [1ms]
2022-11-04 21:31:23.039 [info] > git remote --verbose [7ms]
2022-11-04 21:31:23.040 [info] > git for-each-ref --sort -committerdate --format %(refname) %(objectname) %(*objectname) [10ms]
2022-11-04 21:31:23.042 [info] > git config --get commit.template [3ms]
2022-11-04 21:31:23.048 [info] > git status -z -uall [13ms]
2022-11-04 21:31:23.052 [info] > git for-each-ref --format=%(refname)%00%(upstream:short)%00%(objectname)%00%(upstream:track)%00%(upstream:remotename)%00%(upstream:remoteref) refs/heads/master refs/remotes/master [5ms]
2022-11-04 21:31:28.092 [info] > git remote --verbose [8ms]
2022-11-04 21:31:28.093 [info] > git for-each-ref --sort -committerdate --format %(refname) %(objectname) %(*objectname) [13ms]
2022-11-04 21:31:28.104 [info] > git config --get commit.template [13ms]
2022-11-04 21:31:28.104 [info] > git status -z -uall [18ms]
2022-11-04 21:31:28.113 [info] > git for-each-ref --format=%(refname)%00%(upstream:short)%00%(objectname)%00%(upstream:track)%00%(upstream:remotename)%00%(upstream:remoteref) refs/heads/master refs/remotes/master [0ms]
2022-11-04 21:31:59.639 [info] > git remote --verbose [13ms]
2022-11-04 21:31:59.640 [info] > git for-each-ref --sort -committerdate --format %(refname) %(objectname) %(*objectname) [19ms]
2022-11-04 21:31:59.641 [info] > git config --get commit.template [3ms]
2022-11-04 21:31:59.642 [info] > git status -z -uall [10ms]
2022-11-04 21:31:59.653 [info] > git for-each-ref --format=%(refname)%00%(upstream:short)%00%(objectname)%00%(upstream:track)%00%(upstream:remotename)%00%(upstream:remoteref) refs/heads/master refs/remotes/master [0ms]
2022-11-04 21:32:04.736 [info] > git remote --verbose [11ms]
2022-11-04 21:32:04.737 [info] > git for-each-ref --sort -committerdate --format %(refname) %(objectname) %(*objectname) [17ms]
2022-11-04 21:32:04.738 [info] > git config --get commit.template [3ms]
2022-11-04 21:32:04.739 [info] > git status -z -uall [10ms]
2022-11-04 21:32:04.751 [info] > git for-each-ref --format=%(refname)%00%(upstream:short)%00%(objectname)%00%(upstream:track)%00%(upstream:remotename)%00%(upstream:remoteref) refs/heads/master refs/remotes/master [4ms]
2022-11-04 21:32:09.797 [info] > git remote --verbose [7ms]
2022-11-04 21:32:09.798 [info] > git for-each-ref --sort -committerdate --format %(refname) %(objectname) %(*objectname) [10ms]
2022-11-04 21:32:09.809 [info] > git config --get commit.template [12ms]
2022-11-04 21:32:09.809 [info] > git status -z -uall [16ms]
2022-11-04 21:32:09.817 [info] > git for-each-ref --format=%(refname)%00%(upstream:short)%00%(objectname)%00%(upstream:track)%00%(upstream:remotename)%00%(upstream:remoteref) refs/heads/master refs/remotes/master [1ms]
2022-11-04 21:32:13.540 [info] > git check-ignore -v -z --stdin [1ms]
2022-11-04 21:32:14.906 [info] > git remote --verbose [8ms]
2022-11-04 21:32:14.906 [info] > git for-each-ref --sort -committerdate --format %(refname) %(objectname) %(*objectname) [12ms]
2022-11-04 21:32:14.907 [info] > git config --get commit.template [1ms]
2022-11-04 21:32:14.913 [info] > git status -z -uall [13ms]
2022-11-04 21:32:14.916 [info] > git for-each-ref --format=%(refname)%00%(upstream:short)%00%(objectname)%00%(upstream:track)%00%(upstream:remotename)%00%(upstream:remoteref) refs/heads/master refs/remotes/master [4ms]
2022-11-04 21:32:19.967 [info] > git remote --verbose [7ms]
2022-11-04 21:32:19.967 [info] > git for-each-ref --sort -committerdate --format %(refname) %(objectname) %(*objectname) [10ms]
2022-11-04 21:32:19.978 [info] > git config --get commit.template [12ms]
2022-11-04 21:32:19.979 [info] > git status -z -uall [16ms]
2022-11-04 21:32:20.000 [info] > git for-each-ref --format=%(refname)%00%(upstream:short)%00%(objectname)%00%(upstream:track)%00%(upstream:remotename)%00%(upstream:remoteref) refs/heads/master refs/remotes/master [8ms]
2022-11-04 21:32:25.098 [info] > git remote --verbose [7ms]
2022-11-04 21:32:25.099 [info] > git for-each-ref --sort -committerdate --format %(refname) %(objectname) %(*objectname) [9ms]
2022-11-04 21:32:25.100 [info] > git config --get commit.template [2ms]
2022-11-04 21:32:25.106 [info] > git for-each-ref --format=%(refname)%00%(upstream:short)%00%(objectname)%00%(upstream:track)%00%(upstream:remotename)%00%(upstream:remoteref) refs/heads/master refs/remotes/master [2ms]
2022-11-04 21:32:25.107 [info] > git status -z -uall [13ms]
2022-11-04 21:32:30.140 [info] > git remote --verbose [9ms]
2022-11-04 21:32:30.141 [info] > git for-each-ref --sort -committerdate --format %(refname) %(objectname) %(*objectname) [12ms]
2022-11-04 21:32:30.141 [info] > git config --get commit.template [2ms]
2022-11-04 21:32:30.150 [info] > git status -z -uall [15ms]
2022-11-04 21:32:30.151 [info] > git for-each-ref --format=%(refname)%00%(upstream:short)%00%(objectname)%00%(upstream:track)%00%(upstream:remotename)%00%(upstream:remoteref) refs/heads/master refs/remotes/master [4ms]
2022-11-04 21:32:35.196 [info] > git remote --verbose [7ms]
2022-11-04 21:32:35.197 [info] > git for-each-ref --sort -committerdate --format %(refname) %(objectname) %(*objectname) [10ms]
2022-11-04 21:32:35.207 [info] > git config --get commit.template [12ms]
2022-11-04 21:32:35.208 [info] > git status -z -uall [16ms]
2022-11-04 21:32:35.216 [info] > git for-each-ref --format=%(refname)%00%(upstream:short)%00%(objectname)%00%(upstream:track)%00%(upstream:remotename)%00%(upstream:remoteref) refs/heads/master refs/remotes/master [1ms]
2022-11-04 21:32:40.263 [info] > git remote --verbose [7ms]
2022-11-04 21:32:40.263 [info] > git for-each-ref --sort -committerdate --format %(refname) %(objectname) %(*objectname) [10ms]
2022-11-04 21:32:40.275 [info] > git config --get commit.template [13ms]
2022-11-04 21:32:40.276 [info] > git status -z -uall [17ms]
2022-11-04 21:32:40.294 [info] > git for-each-ref --format=%(refname)%00%(upstream:short)%00%(objectname)%00%(upstream:track)%00%(upstream:remotename)%00%(upstream:remoteref) refs/heads/master refs/remotes/master [7ms]
2022-11-04 21:32:45.317 [info] > git remote --verbose [4ms]
2022-11-04 21:32:45.318 [info] > git for-each-ref --sort -committerdate --format %(refname) %(objectname) %(*objectname) [8ms]
2022-11-04 21:32:45.334 [info] > git status -z -uall [18ms]
2022-11-04 21:32:45.334 [info] > git config --get commit.template [1ms]
2022-11-04 21:32:45.341 [info] > git for-each-ref --format=%(refname)%00%(upstream:short)%00%(objectname)%00%(upstream:track)%00%(upstream:remotename)%00%(upstream:remoteref) refs/heads/master refs/remotes/master [2ms]
2022-11-04 21:32:50.374 [info] > git remote --verbose [7ms]
2022-11-04 21:32:50.375 [info] > git for-each-ref --sort -committerdate --format %(refname) %(objectname) %(*objectname) [10ms]
2022-11-04 21:32:50.377 [info] > git config --get commit.template [4ms]
2022-11-04 21:32:50.378 [info] > git status -z -uall [8ms]
2022-11-04 21:32:50.397 [info] > git for-each-ref --format=%(refname)%00%(upstream:short)%00%(objectname)%00%(upstream:track)%00%(upstream:remotename)%00%(upstream:remoteref) refs/heads/master refs/remotes/master [7ms]
2022-11-04 21:32:55.429 [info] > git remote --verbose [4ms]
2022-11-04 21:32:55.429 [info] > git for-each-ref --sort -committerdate --format %(refname) %(objectname) %(*objectname) [7ms]
2022-11-04 21:32:55.444 [info] > git status -z -uall [16ms]
2022-11-04 21:32:55.445 [info] > git config --get commit.template [2ms]
2022-11-04 21:32:55.462 [info] > git for-each-ref --format=%(refname)%00%(upstream:short)%00%(objectname)%00%(upstream:track)%00%(upstream:remotename)%00%(upstream:remoteref) refs/heads/master refs/remotes/master [13ms]
2022-11-04 21:33:00.486 [info] > git remote --verbose [7ms]
2022-11-04 21:33:00.486 [info] > git for-each-ref --sort -committerdate --format %(refname) %(objectname) %(*objectname) [11ms]
2022-11-04 21:33:00.499 [info] > git config --get commit.template [14ms]
2022-11-04 21:33:00.500 [info] > git status -z -uall [20ms]
2022-11-04 21:33:00.512 [info] > git for-each-ref --format=%(refname)%00%(upstream:short)%00%(objectname)%00%(upstream:track)%00%(upstream:remotename)%00%(upstream:remoteref) refs/heads/master refs/remotes/master [1ms]
2022-11-04 21:33:05.583 [info] > git remote --verbose [7ms]
2022-11-04 21:33:05.584 [info] > git for-each-ref --sort -committerdate --format %(refname) %(objectname) %(*objectname) [11ms]
2022-11-04 21:33:05.595 [info] > git config --get commit.template [12ms]
2022-11-04 21:33:05.600 [info] > git status -z -uall [21ms]
2022-11-04 21:33:05.620 [info] > git for-each-ref --format=%(refname)%00%(upstream:short)%00%(objectname)%00%(upstream:track)%00%(upstream:remotename)%00%(upstream:remoteref) refs/heads/master refs/remotes/master [6ms]
