2022-11-05 00:58:56.321 [info] Extension host with pid 16160 started
2022-11-05 00:58:56.358 [info] Lock '/home/jxyh/.vscode-server/data/User/workspaceStorage/38fb73aaddb5300dce8cbb239d0b8dd0/vscode.lock': Lock acquired.
2022-11-05 00:58:56.487 [info] ExtensionService#_doActivateExtension vscode.git-base, startup: false, activationEvent: 'onFileSystem:git', root cause: vscode.git
2022-11-05 00:58:56.623 [info] ExtensionService#_doActivateExtension vscode.git, startup: false, activationEvent: 'onFileSystem:git'
2022-11-05 00:58:56.623 [info] ExtensionService#_doActivateExtension vscode.github, startup: true, activationEvent: '*'
2022-11-05 00:58:56.918 [info] ExtensionService#_doActivateExtension vscode.debug-auto-launch, startup: false, activationEvent: 'onStartupFinished'
2022-11-05 00:58:56.918 [info] ExtensionService#_doActivateExtension vscode.emmet, startup: false, activationEvent: 'onStartupFinished'
2022-11-05 00:58:56.919 [info] ExtensionService#_doActivateExtension vscode.merge-conflict, startup: false, activationEvent: 'onStartupFinished'
2022-11-05 00:58:56.919 [info] ExtensionService#_doActivateExtension formulahendry.code-runner, startup: false, activationEvent: 'onStartupFinished'
2022-11-05 00:58:56.919 [info] Eager extensions activated
2022-11-05 00:58:57.089 [warning] [Decorations] CAPPING events from decorations provider vscode.git 2066
2022-11-05 00:58:57.666 [warning] [Decorations] CAPPING events from decorations provider vscode.git 2066
2022-11-05 00:59:03.750 [warning] [Decorations] CAPPING events from decorations provider vscode.git 2068
2022-11-05 00:59:06.793 [warning] [Decorations] CAPPING events from decorations provider vscode.git 2068
2022-11-05 00:59:18.634 [warning] [Decorations] CAPPING events from decorations provider vscode.git 2068
2022-11-05 00:59:23.678 [warning] [Decorations] CAPPING events from decorations provider vscode.git 2068
2022-11-05 00:59:28.744 [warning] [Decorations] CAPPING events from decorations provider vscode.git 2068
2022-11-05 00:59:41.434 [warning] [Decorations] CAPPING events from decorations provider vscode.git 2068
2022-11-05 01:00:04.408 [warning] [Decorations] CAPPING events from decorations provider vscode.git 2068
2022-11-05 01:00:09.443 [warning] [Decorations] CAPPING events from decorations provider vscode.git 2068
2022-11-05 01:00:14.494 [warning] [Decorations] CAPPING events from decorations provider vscode.git 2068
2022-11-05 01:00:19.545 [warning] [Decorations] CAPPING events from decorations provider vscode.git 2068
2022-11-05 01:00:24.578 [warning] [Decorations] CAPPING events from decorations provider vscode.git 2068
2022-11-05 01:00:37.052 [warning] [Decorations] CAPPING events from decorations provider vscode.git 2068
2022-11-05 01:00:42.100 [warning] [Decorations] CAPPING events from decorations provider vscode.git 2068
2022-11-05 01:00:47.138 [warning] [Decorations] CAPPING events from decorations provider vscode.git 2068
2022-11-05 01:00:52.182 [warning] [Decorations] CAPPING events from decorations provider vscode.git 2068
2022-11-05 01:00:57.219 [warning] [Decorations] CAPPING events from decorations provider vscode.git 2068
2022-11-05 01:01:02.273 [warning] [Decorations] CAPPING events from decorations provider vscode.git 2068
2022-11-05 01:01:07.327 [warning] [Decorations] CAPPING events from decorations provider vscode.git 2068
2022-11-05 01:01:12.380 [warning] [Decorations] CAPPING events from decorations provider vscode.git 2068
2022-11-05 01:01:23.372 [warning] [Decorations] CAPPING events from decorations provider vscode.git 2068
2022-11-05 01:02:00.239 [warning] [Decorations] CAPPING events from decorations provider vscode.git 2068
2022-11-05 01:02:05.826 [warning] [Decorations] CAPPING events from decorations provider vscode.git 2068
2022-11-05 01:02:05.860 [warning] [Decorations] CAPPING events from decorations provider vscode.git 2068
2022-11-05 01:02:10.907 [warning] [Decorations] CAPPING events from decorations provider vscode.git 2068
2022-11-05 01:02:29.809 [warning] [Decorations] CAPPING events from decorations provider vscode.git 2068
2022-11-05 01:02:34.864 [warning] [Decorations] CAPPING events from decorations provider vscode.git 2068
2022-11-05 01:02:39.902 [warning] [Decorations] CAPPING events from decorations provider vscode.git 2068
2022-11-05 01:02:44.979 [warning] [Decorations] CAPPING events from decorations provider vscode.git 2068
2022-11-05 01:02:50.029 [warning] [Decorations] CAPPING events from decorations provider vscode.git 2068
2022-11-05 01:02:55.083 [warning] [Decorations] CAPPING events from decorations provider vscode.git 2068
2022-11-05 01:03:00.128 [warning] [Decorations] CAPPING events from decorations provider vscode.git 2068
2022-11-05 01:03:05.170 [warning] [Decorations] CAPPING events from decorations provider vscode.git 2068
2022-11-05 01:03:10.217 [warning] [Decorations] CAPPING events from decorations provider vscode.git 2068
2022-11-05 01:03:15.302 [warning] [Decorations] CAPPING events from decorations provider vscode.git 2068
2022-11-05 01:03:20.378 [warning] [Decorations] CAPPING events from decorations provider vscode.git 2068
2022-11-05 01:03:25.448 [warning] [Decorations] CAPPING events from decorations provider vscode.git 2068
2022-11-05 01:03:30.527 [warning] [Decorations] CAPPING events from decorations provider vscode.git 2068
2022-11-05 01:03:35.586 [warning] [Decorations] CAPPING events from decorations provider vscode.git 2068
2022-11-05 01:03:40.640 [warning] [Decorations] CAPPING events from decorations provider vscode.git 2068
2022-11-05 01:03:45.695 [warning] [Decorations] CAPPING events from decorations provider vscode.git 2068
2022-11-05 01:03:50.742 [warning] [Decorations] CAPPING events from decorations provider vscode.git 2068
2022-11-05 01:03:55.783 [warning] [Decorations] CAPPING events from decorations provider vscode.git 2068
2022-11-05 01:04:00.834 [warning] [Decorations] CAPPING events from decorations provider vscode.git 2068
2022-11-05 01:04:05.884 [warning] [Decorations] CAPPING events from decorations provider vscode.git 2068
2022-11-05 01:04:10.930 [warning] [Decorations] CAPPING events from decorations provider vscode.git 2068
2022-11-05 01:04:15.976 [warning] [Decorations] CAPPING events from decorations provider vscode.git 2068
2022-11-05 01:04:21.024 [warning] [Decorations] CAPPING events from decorations provider vscode.git 2068
2022-11-05 01:04:26.064 [warning] [Decorations] CAPPING events from decorations provider vscode.git 2068
2022-11-05 01:04:31.102 [warning] [Decorations] CAPPING events from decorations provider vscode.git 2068
2022-11-05 01:04:36.138 [warning] [Decorations] CAPPING events from decorations provider vscode.git 2068
2022-11-05 01:04:41.184 [warning] [Decorations] CAPPING events from decorations provider vscode.git 2068
2022-11-05 01:04:46.276 [warning] [Decorations] CAPPING events from decorations provider vscode.git 2068
2022-11-05 01:04:51.366 [warning] [Decorations] CAPPING events from decorations provider vscode.git 2068
2022-11-05 01:04:56.411 [warning] [Decorations] CAPPING events from decorations provider vscode.git 2068
2022-11-05 01:05:01.444 [warning] [Decorations] CAPPING events from decorations provider vscode.git 2068
2022-11-05 01:05:07.680 [warning] [Decorations] CAPPING events from decorations provider vscode.git 2068
2022-11-05 01:05:07.727 [warning] [Decorations] CAPPING events from decorations provider vscode.git 2068
2022-11-05 01:05:12.795 [warning] [Decorations] CAPPING events from decorations provider vscode.git 2068
2022-11-05 01:05:17.853 [warning] [Decorations] CAPPING events from decorations provider vscode.git 2068
2022-11-05 01:05:22.912 [warning] [Decorations] CAPPING events from decorations provider vscode.git 2068
2022-11-05 01:05:27.947 [warning] [Decorations] CAPPING events from decorations provider vscode.git 2068
2022-11-05 01:05:32.993 [warning] [Decorations] CAPPING events from decorations provider vscode.git 2068
2022-11-05 01:05:38.037 [warning] [Decorations] CAPPING events from decorations provider vscode.git 2068
2022-11-05 01:05:43.081 [warning] [Decorations] CAPPING events from decorations provider vscode.git 2068
2022-11-05 01:05:48.129 [warning] [Decorations] CAPPING events from decorations provider vscode.git 2068
2022-11-05 01:05:53.189 [warning] [Decorations] CAPPING events from decorations provider vscode.git 2068
2022-11-05 01:05:58.242 [warning] [Decorations] CAPPING events from decorations provider vscode.git 2068
2022-11-05 01:06:03.305 [warning] [Decorations] CAPPING events from decorations provider vscode.git 2068
2022-11-05 01:06:08.357 [warning] [Decorations] CAPPING events from decorations provider vscode.git 2068
2022-11-05 01:06:13.410 [warning] [Decorations] CAPPING events from decorations provider vscode.git 2068
2022-11-05 01:06:18.442 [warning] [Decorations] CAPPING events from decorations provider vscode.git 2068
2022-11-05 01:06:23.483 [warning] [Decorations] CAPPING events from decorations provider vscode.git 2068
2022-11-05 01:06:28.527 [warning] [Decorations] CAPPING events from decorations provider vscode.git 2068
2022-11-05 01:06:33.595 [warning] [Decorations] CAPPING events from decorations provider vscode.git 2068
2022-11-05 01:06:38.680 [warning] [Decorations] CAPPING events from decorations provider vscode.git 2068
2022-11-05 01:06:43.744 [warning] [Decorations] CAPPING events from decorations provider vscode.git 2068
2022-11-05 01:06:48.817 [warning] [Decorations] CAPPING events from decorations provider vscode.git 2068
2022-11-05 01:06:53.872 [warning] [Decorations] CAPPING events from decorations provider vscode.git 2068
2022-11-05 01:06:58.926 [warning] [Decorations] CAPPING events from decorations provider vscode.git 2068
2022-11-05 01:07:03.972 [warning] [Decorations] CAPPING events from decorations provider vscode.git 2068
2022-11-05 01:07:09.012 [warning] [Decorations] CAPPING events from decorations provider vscode.git 2068
2022-11-05 01:07:14.061 [warning] [Decorations] CAPPING events from decorations provider vscode.git 2068
2022-11-05 01:07:19.106 [warning] [Decorations] CAPPING events from decorations provider vscode.git 2068
2022-11-05 01:07:24.200 [warning] [Decorations] CAPPING events from decorations provider vscode.git 2068
2022-11-05 01:07:29.283 [warning] [Decorations] CAPPING events from decorations provider vscode.git 2068
2022-11-05 01:07:34.354 [warning] [Decorations] CAPPING events from decorations provider vscode.git 2068
2022-11-05 01:07:39.417 [warning] [Decorations] CAPPING events from decorations provider vscode.git 2068
2022-11-05 01:07:44.495 [warning] [Decorations] CAPPING events from decorations provider vscode.git 2068
2022-11-05 01:07:49.552 [warning] [Decorations] CAPPING events from decorations provider vscode.git 2068
2022-11-05 01:07:54.604 [warning] [Decorations] CAPPING events from decorations provider vscode.git 2068
2022-11-05 01:07:59.660 [warning] [Decorations] CAPPING events from decorations provider vscode.git 2068
2022-11-05 01:08:04.696 [warning] [Decorations] CAPPING events from decorations provider vscode.git 2068
2022-11-05 01:10:18.663 [warning] [Decorations] CAPPING events from decorations provider vscode.git 2068
2022-11-05 01:10:23.701 [warning] [Decorations] CAPPING events from decorations provider vscode.git 2068
2022-11-05 01:10:28.742 [warning] [Decorations] CAPPING events from decorations provider vscode.git 2068
2022-11-05 01:10:33.779 [warning] [Decorations] CAPPING events from decorations provider vscode.git 2068
2022-11-05 01:10:38.848 [warning] [Decorations] CAPPING events from decorations provider vscode.git 2068
2022-11-05 01:10:43.915 [warning] [Decorations] CAPPING events from decorations provider vscode.git 2068
2022-11-05 01:10:48.983 [warning] [Decorations] CAPPING events from decorations provider vscode.git 2068
2022-11-05 01:10:54.037 [warning] [Decorations] CAPPING events from decorations provider vscode.git 2068
2022-11-05 01:10:59.090 [warning] [Decorations] CAPPING events from decorations provider vscode.git 2068
2022-11-05 01:11:04.138 [warning] [Decorations] CAPPING events from decorations provider vscode.git 2068
2022-11-05 01:11:09.176 [warning] [Decorations] CAPPING events from decorations provider vscode.git 2068
2022-11-05 01:11:14.217 [warning] [Decorations] CAPPING events from decorations provider vscode.git 2068
2022-11-05 01:11:19.251 [warning] [Decorations] CAPPING events from decorations provider vscode.git 2068
2022-11-05 01:11:24.343 [warning] [Decorations] CAPPING events from decorations provider vscode.git 2068
2022-11-05 01:11:29.426 [warning] [Decorations] CAPPING events from decorations provider vscode.git 2068
2022-11-05 01:11:34.516 [warning] [Decorations] CAPPING events from decorations provider vscode.git 2068
2022-11-05 01:11:39.571 [warning] [Decorations] CAPPING events from decorations provider vscode.git 2068
2022-11-05 01:11:44.616 [warning] [Decorations] CAPPING events from decorations provider vscode.git 2068
2022-11-05 01:11:49.654 [warning] [Decorations] CAPPING events from decorations provider vscode.git 2068
2022-11-05 01:11:54.700 [warning] [Decorations] CAPPING events from decorations provider vscode.git 2068
2022-11-05 01:11:59.731 [warning] [Decorations] CAPPING events from decorations provider vscode.git 2068
2022-11-05 01:12:04.830 [warning] [Decorations] CAPPING events from decorations provider vscode.git 2068
2022-11-05 01:12:09.912 [warning] [Decorations] CAPPING events from decorations provider vscode.git 2068
2022-11-05 01:12:14.988 [warning] [Decorations] CAPPING events from decorations provider vscode.git 2068
2022-11-05 01:12:20.051 [warning] [Decorations] CAPPING events from decorations provider vscode.git 2068
2022-11-05 01:12:25.117 [warning] [Decorations] CAPPING events from decorations provider vscode.git 2068
2022-11-05 01:12:30.165 [warning] [Decorations] CAPPING events from decorations provider vscode.git 2068
2022-11-05 01:12:35.207 [warning] [Decorations] CAPPING events from decorations provider vscode.git 2068
2022-11-05 01:12:40.255 [warning] [Decorations] CAPPING events from decorations provider vscode.git 2068
2022-11-05 01:12:45.292 [warning] [Decorations] CAPPING events from decorations provider vscode.git 2068
2022-11-05 01:12:50.376 [warning] [Decorations] CAPPING events from decorations provider vscode.git 2068
2022-11-05 01:12:55.448 [warning] [Decorations] CAPPING events from decorations provider vscode.git 2068
2022-11-05 01:13:00.508 [warning] [Decorations] CAPPING events from decorations provider vscode.git 2068
2022-11-05 01:13:05.589 [warning] [Decorations] CAPPING events from decorations provider vscode.git 2068
2022-11-05 01:13:10.664 [warning] [Decorations] CAPPING events from decorations provider vscode.git 2068
2022-11-05 01:13:15.725 [warning] [Decorations] CAPPING events from decorations provider vscode.git 2068
2022-11-05 01:16:48.116 [warning] [Decorations] CAPPING events from decorations provider vscode.git 2068
2022-11-05 01:16:53.157 [warning] [Decorations] CAPPING events from decorations provider vscode.git 2068
2022-11-05 01:16:58.201 [warning] [Decorations] CAPPING events from decorations provider vscode.git 2069
2022-11-05 01:17:03.245 [warning] [Decorations] CAPPING events from decorations provider vscode.git 2069
2022-11-05 01:17:08.298 [warning] [Decorations] CAPPING events from decorations provider vscode.git 2069
2022-11-05 01:17:13.360 [warning] [Decorations] CAPPING events from decorations provider vscode.git 2069
2022-11-05 01:17:18.422 [warning] [Decorations] CAPPING events from decorations provider vscode.git 2069
2022-11-05 01:17:23.480 [warning] [Decorations] CAPPING events from decorations provider vscode.git 2069
2022-11-05 01:17:57.811 [warning] [Decorations] CAPPING events from decorations provider vscode.git 2069
2022-11-05 01:18:02.860 [warning] [Decorations] CAPPING events from decorations provider vscode.git 2069
2022-11-05 01:19:11.285 [warning] [Decorations] CAPPING events from decorations provider vscode.git 2069
2022-11-05 01:21:22.482 [warning] [Decorations] CAPPING events from decorations provider vscode.git 2069
2022-11-05 01:21:27.526 [warning] [Decorations] CAPPING events from decorations provider vscode.git 2069
2022-11-05 01:21:35.215 [warning] [Decorations] CAPPING events from decorations provider vscode.git 2069
2022-11-05 01:21:40.708 [warning] [Decorations] CAPPING events from decorations provider vscode.git 2069
2022-11-05 01:21:59.193 [warning] [Decorations] CAPPING events from decorations provider vscode.git 2069
2022-11-05 01:22:04.251 [warning] [Decorations] CAPPING events from decorations provider vscode.git 2069
2022-11-05 01:22:09.289 [warning] [Decorations] CAPPING events from decorations provider vscode.git 2069
2022-11-05 01:22:14.331 [warning] [Decorations] CAPPING events from decorations provider vscode.git 2069
2022-11-05 01:22:19.373 [warning] [Decorations] CAPPING events from decorations provider vscode.git 2069
2022-11-05 01:22:24.422 [warning] [Decorations] CAPPING events from decorations provider vscode.git 2069
2022-11-05 01:22:29.455 [warning] [Decorations] CAPPING events from decorations provider vscode.git 2069
2022-11-05 01:22:34.498 [warning] [Decorations] CAPPING events from decorations provider vscode.git 2069
2022-11-05 01:22:42.584 [warning] [Decorations] CAPPING events from decorations provider vscode.git 2069
2022-11-05 01:22:47.637 [warning] [Decorations] CAPPING events from decorations provider vscode.git 2069
2022-11-05 01:22:52.667 [warning] [Decorations] CAPPING events from decorations provider vscode.git 2069
2022-11-05 01:22:57.711 [warning] [Decorations] CAPPING events from decorations provider vscode.git 2069
2022-11-05 01:23:02.758 [warning] [Decorations] CAPPING events from decorations provider vscode.git 2069
2022-11-05 01:23:07.791 [warning] [Decorations] CAPPING events from decorations provider vscode.git 2069
2022-11-05 01:23:16.421 [warning] [Decorations] CAPPING events from decorations provider vscode.git 2069
2022-11-05 01:23:21.454 [warning] [Decorations] CAPPING events from decorations provider vscode.git 2069
2022-11-05 01:23:26.501 [warning] [Decorations] CAPPING events from decorations provider vscode.git 2069
2022-11-05 01:23:31.552 [warning] [Decorations] CAPPING events from decorations provider vscode.git 2069
2022-11-05 01:23:36.600 [warning] [Decorations] CAPPING events from decorations provider vscode.git 2069
2022-11-05 01:24:37.266 [warning] [Decorations] CAPPING events from decorations provider vscode.git 2069
2022-11-05 01:24:38.989 [warning] [Decorations] CAPPING events from decorations provider vscode.git 2069
2022-11-05 01:24:42.305 [warning] [Decorations] CAPPING events from decorations provider vscode.git 2069
2022-11-05 01:24:57.457 [warning] [Decorations] CAPPING events from decorations provider vscode.git 2069
2022-11-05 01:25:20.829 [warning] [Decorations] CAPPING events from decorations provider vscode.git 2069
2022-11-05 01:25:25.899 [warning] [Decorations] CAPPING events from decorations provider vscode.git 2069
2022-11-05 01:25:32.052 [warning] [Decorations] CAPPING events from decorations provider vscode.git 2069
2022-11-05 01:25:37.084 [warning] [Decorations] CAPPING events from decorations provider vscode.git 2069
2022-11-05 01:25:42.137 [warning] [Decorations] CAPPING events from decorations provider vscode.git 2069
2022-11-05 01:25:47.225 [warning] [Decorations] CAPPING events from decorations provider vscode.git 2069
2022-11-05 01:25:52.801 [warning] [Decorations] CAPPING events from decorations provider vscode.git 2069
2022-11-05 01:26:24.520 [warning] [Decorations] CAPPING events from decorations provider vscode.git 2069
2022-11-05 01:26:29.553 [warning] [Decorations] CAPPING events from decorations provider vscode.git 2069
2022-11-05 01:26:34.588 [warning] [Decorations] CAPPING events from decorations provider vscode.git 2069
2022-11-05 01:26:39.621 [warning] [Decorations] CAPPING events from decorations provider vscode.git 2069
2022-11-05 01:26:44.709 [warning] [Decorations] CAPPING events from decorations provider vscode.git 2069
2022-11-05 01:26:51.309 [warning] [Decorations] CAPPING events from decorations provider vscode.git 2069
2022-11-05 01:26:51.358 [warning] [Decorations] CAPPING events from decorations provider vscode.git 2069
2022-11-05 01:26:56.420 [warning] [Decorations] CAPPING events from decorations provider vscode.git 2069
2022-11-05 01:27:45.197 [warning] [Decorations] CAPPING events from decorations provider vscode.git 2069
2022-11-05 01:27:46.816 [warning] [Decorations] CAPPING events from decorations provider vscode.git 2069
2022-11-05 01:28:46.697 [warning] [Decorations] CAPPING events from decorations provider vscode.git 2069
2022-11-05 01:28:51.732 [warning] [Decorations] CAPPING events from decorations provider vscode.git 2069
